11:19:34.533327 || Loaded this log file
11:19:34.533327 || Connecting to database...
11:21:21.883871 || Loaded this log file
11:21:21.883871 || Connecting to database...
11:21:23.497898 || Retrieving equipment ids...
11:21:29.578369 || Completed, closing database connection
11:21:30.639727 || loaded 108 recipe URLs
11:21:30.679487 || scraping url https://thedoctorskitchen.com/recipes/apple-and-blackberry-granola-bowl/ ...
11:21:31.242529 || Found equipment pot
11:21:31.242529 || Found equipment knife
11:21:31.242529 || Found equipment chopping board
11:21:31.242529 || Found equipment measuring cup
11:21:31.242529 || Found equipment scale
11:21:31.242529 || Found equipment bowl
11:21:31.242529 || Found equipment grater
11:21:31.242529 || scraping url https://thedoctorskitchen.com/recipes/mushroom-bourguignon/ ...
11:21:31.712754 || Found equipment toaster
11:21:31.712754 || Found equipment knife
11:21:31.712754 || Found equipment chopping board
11:21:31.712754 || Found equipment measuring spoons
11:21:31.712754 || Found equipment measuring cup
11:21:31.712754 || Found equipment scale
11:21:31.712754 || Found equipment casserole dish
11:21:31.712754 || scraping url https://thedoctorskitchen.com/recipes/sweet-potato-chickpea-salad-with-sumac-and-tahini-dressing/ ...
11:21:32.364329 || Found equipment oven
11:21:32.364329 || Found equipment knife
11:21:32.364329 || Found equipment chopping board
11:21:32.364329 || Found equipment measuring spoons
11:21:32.364329 || Found equipment scale
11:21:32.364329 || Found equipment bowl
11:21:32.364329 || Found equipment whisk
11:21:32.364329 || scraping url https://thedoctorskitchen.com/recipes/green-bean-salad/ ...
11:21:32.916186 || Found equipment pot
11:21:32.916186 || Found equipment measuring spoons
11:21:32.916186 || Found equipment scale
11:21:32.916186 || Found equipment lid
11:21:32.916186 || scraping url https://thedoctorskitchen.com/recipes/lemon-and-ginger-thai-curry/ ...
11:21:33.401965 || Found equipment pan
11:21:33.401965 || Found equipment knife
11:21:33.417595 || Found equipment chopping board
11:21:33.417595 || Found equipment measuring spoons
11:21:33.417595 || Found equipment measuring cup
11:21:33.417595 || Found equipment scale
11:21:33.417595 || Found equipment grater
11:21:33.417595 || Found equipment casserole dish
11:21:33.417595 || Found equipment lid
11:21:33.417595 || scraping url https://thedoctorskitchen.com/recipes/sweet-potato-rostis-with-poached-eggs/ ...
11:21:33.890994 || Found equipment pan
11:21:33.890994 || Found equipment pot
11:21:33.890994 || Found equipment knife
11:21:33.890994 || Found equipment chopping board
11:21:33.890994 || Found equipment measuring spoons
11:21:33.890994 || Found equipment measuring cup
11:21:33.890994 || Found equipment scale
11:21:33.890994 || Found equipment bowl
11:21:33.890994 || Found equipment grater
11:21:33.890994 || scraping url https://thedoctorskitchen.com/recipes/chilli-and-lime-peanut-broccoli-curry/ ...
11:21:34.325837 || Found equipment pot
11:21:34.325837 || Found equipment knife
11:21:34.325837 || Found equipment chopping board
11:21:34.325837 || Found equipment measuring spoons
11:21:34.325837 || Found equipment measuring cup
11:21:34.325837 || Found equipment scale
11:21:34.325837 || Found equipment casserole dish
11:21:34.325837 || scraping url https://thedoctorskitchen.com/recipes/greek-style-beans/ ...
11:21:34.989728 || Found equipment pan
11:21:34.989728 || Found equipment measuring spoons
11:21:34.989728 || Found equipment measuring cup
11:21:34.989728 || Found equipment scale
11:21:34.989728 || Found equipment grater
11:21:34.989728 || Found equipment casserole dish
11:21:34.989728 || scraping url https://thedoctorskitchen.com/recipes/veggie-paella/ ...
11:21:35.556932 || Found equipment pan
11:21:35.556932 || Found equipment pot
11:21:35.556932 || Found equipment toaster
11:21:35.556932 || Found equipment knife
11:21:35.556932 || Found equipment chopping board
11:21:35.556932 || Found equipment measuring spoons
11:21:35.556932 || Found equipment measuring cup
11:21:35.556932 || Found equipment scale
11:21:35.556932 || Found equipment casserole dish
11:21:35.556932 || scraping url https://thedoctorskitchen.com/recipes/lemon-and-garlic-white-bean-salad/ ...
11:21:36.075882 || Found equipment pan
11:21:36.075882 || Found equipment knife
11:21:36.075882 || Found equipment chopping board
11:21:36.075882 || Found equipment measuring spoons
11:21:36.075882 || Found equipment scale
11:21:36.075882 || Found equipment bowl
11:21:36.075882 || Found equipment grater
11:21:36.075882 || scraping url https://thedoctorskitchen.com/recipes/cod-and-chickpea-stew/ ...
11:21:36.575548 || Found equipment knife
11:21:36.575548 || Found equipment chopping board
11:21:36.575548 || Found equipment measuring spoons
11:21:36.575548 || Found equipment scale
11:21:36.575548 || Found equipment grater
11:21:36.575548 || Found equipment casserole dish
11:21:36.575548 || Found equipment lid
11:21:36.575548 || scraping url https://thedoctorskitchen.com/recipes/sweet-courgette-saute/ ...
11:21:37.093432 || Found equipment pan
11:21:37.093432 || Found equipment knife
11:21:37.093432 || Found equipment chopping board
11:21:37.093432 || Found equipment measuring spoons
11:21:37.093432 || Found equipment scale
11:21:37.093432 || scraping url https://thedoctorskitchen.com/recipes/green-pesto-frittata/ ...
11:21:37.510253 || Found equipment pan
11:21:37.510253 || Found equipment oven
11:21:37.510253 || Found equipment knife
11:21:37.510253 || Found equipment chopping board
11:21:37.510253 || Found equipment measuring spoons
11:21:37.510253 || Found equipment scale
11:21:37.510253 || Found equipment bowl
11:21:37.510253 || Found equipment whisk
11:21:37.510253 || Found equipment lid
11:21:37.510253 || scraping url https://thedoctorskitchen.com/recipes/roast-parsnip-and-tomato-dip/ ...
11:21:37.999642 || Found equipment pan
11:21:37.999642 || Found equipment toaster
11:21:37.999642 || Found equipment oven
11:21:37.999642 || Found equipment knife
11:21:37.999642 || Found equipment chopping board
11:21:37.999642 || Found equipment measuring spoons
11:21:37.999642 || Found equipment scale
11:21:37.999642 || scraping url https://thedoctorskitchen.com/recipes/soy-spiced-nuts/ ...
11:21:38.451000 || Found equipment pan
11:21:38.451000 || Found equipment oven
11:21:38.451000 || Found equipment measuring spoons
11:21:38.451000 || Found equipment scale
11:21:38.451000 || scraping url https://thedoctorskitchen.com/recipes/masala-and-lime-red-bean-curry/ ...
11:21:39.045061 || Found equipment pot
11:21:39.045061 || Found equipment blender
11:21:39.045061 || Found equipment knife
11:21:39.045061 || Found equipment chopping board
11:21:39.045061 || Found equipment measuring spoons
11:21:39.045061 || Found equipment measuring cup
11:21:39.045061 || Found equipment scale
11:21:39.045061 || Found equipment grater
11:21:39.045061 || Found equipment lid
11:21:39.045061 || scraping url https://thedoctorskitchen.com/recipes/almond-chicken-curry/ ...
11:21:39.552757 || Found equipment pan
11:21:39.552757 || Found equipment toaster
11:21:39.552757 || Found equipment knife
11:21:39.552757 || Found equipment chopping board
11:21:39.552757 || Found equipment measuring spoons
11:21:39.552757 || Found equipment measuring cup
11:21:39.552757 || Found equipment scale
11:21:39.552757 || Found equipment grater
11:21:39.552757 || Found equipment lid
11:21:39.561264 || scraping url https://thedoctorskitchen.com/recipes/3-2-1-black-bean-and-chipotle-soup/ ...
11:21:40.045125 || Found equipment pot
11:21:40.045125 || Found equipment blender
11:21:40.045125 || Found equipment knife
11:21:40.045125 || Found equipment chopping board
11:21:40.045125 || Found equipment measuring spoons
11:21:40.045125 || Found equipment measuring cup
11:21:40.045125 || Found equipment scale
11:21:40.045125 || Found equipment grater
11:21:40.054131 || scraping url https://thedoctorskitchen.com/recipes/fragrant-jewelled-rice/ ...
11:21:40.574812 || Found equipment pot
11:21:40.574812 || Found equipment knife
11:21:40.574812 || Found equipment chopping board
11:21:40.574812 || Found equipment measuring spoons
11:21:40.574812 || Found equipment measuring cup
11:21:40.574812 || Found equipment scale
11:21:40.574812 || Found equipment grater
11:21:40.582740 || Found equipment casserole dish
11:21:40.582740 || Found equipment lid
11:21:40.582740 || scraping url https://thedoctorskitchen.com/recipes/3-2-1-fennel-leek-and-beans-with-basil-pesto/ ...
11:21:41.690528 || Found equipment oven
11:21:41.690528 || Found equipment knife
11:21:41.690528 || Found equipment chopping board
11:21:41.690528 || Found equipment measuring spoons
11:21:41.690528 || Found equipment scale
11:21:41.690528 || scraping url https://thedoctorskitchen.com/recipes/3-2-1-huevos-rancheros/ ...
11:21:42.201416 || Found equipment pan
11:21:42.201416 || Found equipment knife
11:21:42.201416 || Found equipment chopping board
11:21:42.201416 || Found equipment measuring spoons
11:21:42.201416 || Found equipment scale
11:21:42.201416 || Found equipment lid
11:21:42.201416 || scraping url https://thedoctorskitchen.com/recipes/3-2-1-persian-style-brown-lentils-with-mixed-green-herbs/ ...
11:21:42.720005 || Found equipment knife
11:21:42.720005 || Found equipment chopping board
11:21:42.720005 || Found equipment measuring spoons
11:21:42.720005 || Found equipment measuring cup
11:21:42.720005 || Found equipment scale
11:21:42.720005 || Found equipment casserole dish
11:21:42.720005 || Found equipment lid
11:21:42.720005 || scraping url https://thedoctorskitchen.com/recipes/chickpea-stew-with-almond-picada/ ...
11:21:43.228523 || Found equipment pan
11:21:43.228523 || Found equipment pot
11:21:43.228523 || Found equipment knife
11:21:43.228523 || Found equipment chopping board
11:21:43.228523 || Found equipment measuring spoons
11:21:43.228523 || Found equipment measuring cup
11:21:43.228523 || Found equipment scale
11:21:43.228523 || Found equipment grater
11:21:43.228523 || Found equipment lid
11:21:43.228523 || scraping url https://thedoctorskitchen.com/recipes/apricot-squash-and-chickpea-tagine/ ...
11:21:43.836348 || Found equipment pan
11:21:43.836348 || Found equipment knife
11:21:43.836348 || Found equipment chopping board
11:21:43.836348 || Found equipment measuring spoons
11:21:43.836348 || Found equipment measuring cup
11:21:43.836348 || Found equipment scale
11:21:43.836348 || scraping url https://thedoctorskitchen.com/recipes/3-2-1-cinnamon-and-cumin-roasted-winter-vegetables-with-baked-halloumi/ ...
11:21:44.768771 || Found equipment oven
11:21:44.768771 || Found equipment knife
11:21:44.768771 || Found equipment chopping board
11:21:44.768771 || Found equipment measuring spoons
11:21:44.768771 || Found equipment scale
11:21:44.776779 || scraping url https://thedoctorskitchen.com/recipes/3-2-1-spring-vegetables-with-miso-butter-and-teriyaki-rice/ ...
11:21:45.473464 || Found equipment pan
11:21:45.473464 || Found equipment pot
11:21:45.473464 || Found equipment knife
11:21:45.473464 || Found equipment chopping board
11:21:45.473464 || Found equipment measuring spoons
11:21:45.473464 || Found equipment scale
11:21:45.473464 || Found equipment wok
11:21:45.473464 || Found equipment whisk
11:21:45.473464 || Found equipment lid
11:21:45.473464 || scraping url https://thedoctorskitchen.com/recipes/3-2-1-za-atar-frittata/ ...
11:21:46.103134 || Found equipment pan
11:21:46.103134 || Found equipment blender
11:21:46.103134 || Found equipment oven
11:21:46.103134 || Found equipment knife
11:21:46.103134 || Found equipment chopping board
11:21:46.103134 || Found equipment measuring spoons
11:21:46.103134 || Found equipment measuring cup
11:21:46.103134 || Found equipment scale
11:21:46.103134 || Found equipment whisk
11:21:46.111057 || scraping url https://thedoctorskitchen.com/recipes/3-2-1-herb-and-walnut-crumbed-fish-with-pickled-red-cabbage/ ...
11:21:46.626040 || Found equipment oven
11:21:46.626040 || Found equipment knife
11:21:46.626040 || Found equipment chopping board
11:21:46.626040 || Found equipment measuring spoons
11:21:46.626040 || Found equipment measuring cup
11:21:46.626040 || Found equipment scale
11:21:46.626040 || Found equipment bowl
11:21:46.626040 || scraping url https://thedoctorskitchen.com/recipes/satay-baked-aubergine-and-broccoli-bowl/ ...
11:21:47.365223 || Found equipment pot
11:21:47.365223 || Found equipment oven
11:21:47.365223 || Found equipment knife
11:21:47.365223 || Found equipment chopping board
11:21:47.365223 || Found equipment measuring spoons
11:21:47.365223 || Found equipment measuring cup
11:21:47.365223 || Found equipment scale
11:21:47.365223 || Found equipment bowl
11:21:47.365223 || Found equipment whisk
11:21:47.369455 || scraping url https://thedoctorskitchen.com/recipes/jersey-royal-tray-bake-with-mediterranean-herbs/ ...
11:21:47.830631 || Found equipment oven
11:21:47.830631 || Found equipment knife
11:21:47.830631 || Found equipment chopping board
11:21:47.830631 || Found equipment measuring spoons
11:21:47.830631 || Found equipment scale
11:21:47.830631 || Found equipment bowl
11:21:47.830631 || Found equipment grater
11:21:47.830631 || Found equipment whisk
11:21:47.830631 || scraping url https://thedoctorskitchen.com/recipes/ital-style-vegetables-with-spicy-almond-sauce/ ...
11:21:48.346192 || Found equipment oven
11:21:48.346192 || Found equipment knife
11:21:48.346192 || Found equipment chopping board
11:21:48.346192 || Found equipment measuring spoons
11:21:48.346192 || Found equipment scale
11:21:48.346192 || Found equipment bowl
11:21:48.346192 || Found equipment whisk
11:21:48.346192 || scraping url https://thedoctorskitchen.com/recipes/roast-aubergine-courgette-and-chickpeas-with-green-herb-dressing/ ...
11:21:48.934670 || Found equipment blender
11:21:48.934670 || Found equipment oven
11:21:48.934670 || Found equipment knife
11:21:48.934670 || Found equipment chopping board
11:21:48.934670 || Found equipment measuring spoons
11:21:48.934670 || Found equipment scale
11:21:48.934670 || Found equipment bowl
11:21:48.934670 || scraping url https://thedoctorskitchen.com/recipes/tarragon-mushrooms-on-toast/ ...
11:21:49.368528 || Found equipment pan
11:21:49.368528 || Found equipment toaster
11:21:49.368528 || Found equipment knife
11:21:49.368528 || Found equipment chopping board
11:21:49.368528 || Found equipment measuring spoons
11:21:49.368528 || Found equipment scale
11:21:49.368528 || scraping url https://thedoctorskitchen.com/recipes/halloumi-grilled-salad-with-broad-beans-and-pickled-onions/ ...
11:21:49.875068 || Found equipment pan
11:21:49.875068 || Found equipment pot
11:21:49.875068 || Found equipment knife
11:21:49.875068 || Found equipment chopping board
11:21:49.875068 || Found equipment measuring spoons
11:21:49.875068 || Found equipment measuring cup
11:21:49.875068 || Found equipment scale
11:21:49.875068 || Found equipment bowl
11:21:49.875068 || Found equipment lid
11:21:49.875068 || scraping url https://thedoctorskitchen.com/recipes/classic-watercress-and-pea-soup/ ...
11:21:50.701923 || Found equipment blender
11:21:50.701923 || Found equipment knife
11:21:50.701923 || Found equipment chopping board
11:21:50.701923 || Found equipment measuring spoons
11:21:50.701923 || Found equipment measuring cup
11:21:50.701923 || Found equipment scale
11:21:50.701923 || Found equipment grater
11:21:50.701923 || Found equipment casserole dish
11:21:50.701923 || scraping url https://thedoctorskitchen.com/recipes/nectarine-and-broad-bean-salad/ ...
11:21:51.200751 || Found equipment knife
11:21:51.200751 || Found equipment chopping board
11:21:51.200751 || Found equipment measuring spoons
11:21:51.200751 || Found equipment scale
11:21:51.200751 || Found equipment bowl
11:21:51.200751 || scraping url https://thedoctorskitchen.com/recipes/vietnamese-noodle-salad/ ...
11:21:51.716636 || Found equipment pot
11:21:51.716636 || Found equipment oven
11:21:51.716636 || Found equipment knife
11:21:51.716636 || Found equipment chopping board
11:21:51.716636 || Found equipment measuring spoons
11:21:51.716636 || Found equipment scale
11:21:51.716636 || Found equipment bowl
11:21:51.716636 || Found equipment grater
11:21:51.716636 || scraping url https://thedoctorskitchen.com/recipes/aubergine-parmigiana/ ...
11:21:52.248229 || Found equipment pan
11:21:52.248229 || Found equipment oven
11:21:52.248229 || Found equipment knife
11:21:52.248229 || Found equipment chopping board
11:21:52.248229 || Found equipment measuring spoons
11:21:52.248229 || Found equipment scale
11:21:52.248229 || Found equipment grater
11:21:52.248229 || scraping url https://thedoctorskitchen.com/recipes/apple-yoghurt-sumac-watercress-salad/ ...
11:21:52.733558 || Found equipment knife
11:21:52.733558 || Found equipment chopping board
11:21:52.733558 || Found equipment measuring spoons
11:21:52.733558 || Found equipment scale
11:21:52.733558 || Found equipment bowl
11:21:52.733558 || scraping url https://thedoctorskitchen.com/recipes/fattoush-salad/ ...
11:21:53.273131 || Found equipment oven
11:21:53.273131 || Found equipment knife
11:21:53.273131 || Found equipment chopping board
11:21:53.273131 || Found equipment measuring spoons
11:21:53.273131 || Found equipment scale
11:21:53.273131 || Found equipment bowl
11:21:53.273131 || scraping url https://thedoctorskitchen.com/recipes/new-potato-and-asparagus-salad-with-ranch-dressing/ ...
11:21:53.869608 || Found equipment pot
11:21:53.869608 || Found equipment knife
11:21:53.869608 || Found equipment chopping board
11:21:53.869608 || Found equipment measuring spoons
11:21:53.869608 || Found equipment measuring cup
11:21:53.869608 || Found equipment scale
11:21:53.869608 || Found equipment bowl
11:21:53.869608 || Found equipment grater
11:21:53.869608 || Found equipment whisk
11:21:53.869608 || Found equipment lid
11:21:53.869608 || scraping url https://thedoctorskitchen.com/recipes/coconut-mushroom-curry/ ...
11:21:54.285375 || Found equipment pan
11:21:54.285375 || Found equipment pot
11:21:54.285375 || Found equipment knife
11:21:54.295884 || Found equipment chopping board
11:21:54.295884 || Found equipment measuring spoons
11:21:54.295884 || Found equipment measuring cup
11:21:54.295884 || Found equipment scale
11:21:54.295884 || Found equipment grater
11:21:54.295884 || Found equipment casserole dish
11:21:54.295884 || scraping url https://thedoctorskitchen.com/recipes/3-2-1-laksa/ ...
11:21:54.795975 || Found equipment pan
11:21:54.795975 || Found equipment pot
11:21:54.795975 || Found equipment knife
11:21:54.795975 || Found equipment chopping board
11:21:54.795975 || Found equipment measuring spoons
11:21:54.795975 || Found equipment scale
11:21:54.795975 || Found equipment tea towel
11:21:54.795975 || Found equipment wok
11:21:54.795975 || scraping url https://thedoctorskitchen.com/recipes/salmon-broccoli-quinoa-salad-with-miso-dressing/ ...
11:21:55.212876 || Found equipment pan
11:21:55.212876 || Found equipment pot
11:21:55.212876 || Found equipment oven
11:21:55.212876 || Found equipment knife
11:21:55.212876 || Found equipment chopping board
11:21:55.212876 || Found equipment measuring spoons
11:21:55.212876 || Found equipment measuring cup
11:21:55.212876 || Found equipment scale
11:21:55.212876 || Found equipment grater
11:21:55.212876 || Found equipment lid
11:21:55.212876 || scraping url https://thedoctorskitchen.com/recipes/masala-aubergine-bake/ ...
11:21:55.822961 || Found equipment pan
11:21:55.822961 || Found equipment oven
11:21:55.822961 || Found equipment knife
11:21:55.822961 || Found equipment chopping board
11:21:55.822961 || Found equipment measuring spoons
11:21:55.822961 || Found equipment scale
11:21:55.822961 || Found equipment casserole dish
11:21:55.822961 || scraping url https://thedoctorskitchen.com/recipes/leek-and-potato-gratin/ ...
11:21:56.341062 || Found equipment oven
11:21:56.341062 || Found equipment knife
11:21:56.341062 || Found equipment chopping board
11:21:56.341062 || Found equipment measuring spoons
11:21:56.341062 || Found equipment measuring cup
11:21:56.341062 || Found equipment scale
11:21:56.341062 || Found equipment lid
11:21:56.341062 || scraping url https://thedoctorskitchen.com/recipes/big-batch-sweet-potato-curry/ ...
11:21:56.842293 || Found equipment pan
11:21:56.842293 || Found equipment toaster
11:21:56.842293 || Found equipment knife
11:21:56.842293 || Found equipment chopping board
11:21:56.842293 || Found equipment measuring spoons
11:21:56.842293 || Found equipment scale
11:21:56.842293 || scraping url https://thedoctorskitchen.com/recipes/mexican-rice-burrito/ ...
11:21:57.349587 || Found equipment pan
11:21:57.349587 || Found equipment pot
11:21:57.349587 || Found equipment toaster
11:21:57.349587 || Found equipment oven
11:21:57.349587 || Found equipment knife
11:21:57.349587 || Found equipment chopping board
11:21:57.349587 || Found equipment measuring spoons
11:21:57.349587 || Found equipment measuring cup
11:21:57.349587 || Found equipment scale
11:21:57.349587 || scraping url https://thedoctorskitchen.com/recipes/roast-potato-red-onion-and-chickpea-traybake/ ...
11:21:57.758366 || Found equipment oven
11:21:57.758366 || Found equipment knife
11:21:57.758366 || Found equipment chopping board
11:21:57.758366 || Found equipment measuring spoons
11:21:57.758366 || Found equipment scale
11:21:57.758366 || scraping url https://thedoctorskitchen.com/recipes/simple-breakfast-mezze/ ...
11:21:58.275551 || Found equipment knife
11:21:58.275551 || Found equipment chopping board
11:21:58.275551 || Found equipment measuring spoons
11:21:58.275551 || Found equipment scale
11:21:58.275551 || scraping url https://thedoctorskitchen.com/recipes/grilled-courgette-artichoke-black-olive-quinoa-salad/ ...
11:21:58.792860 || Found equipment pan
11:21:58.792860 || Found equipment knife
11:21:58.792860 || Found equipment chopping board
11:21:58.792860 || Found equipment measuring spoons
11:21:58.792860 || Found equipment scale
11:21:58.792860 || Found equipment bowl
11:21:58.796368 || scraping url https://thedoctorskitchen.com/recipes/thai-style-coconut-edamame-and-tofu-noodle-soup/ ...
11:21:59.401398 || Found equipment pot
11:21:59.401398 || Found equipment knife
11:21:59.401398 || Found equipment chopping board
11:21:59.401398 || Found equipment measuring spoons
11:21:59.401398 || Found equipment measuring cup
11:21:59.401398 || Found equipment scale
11:21:59.401398 || scraping url https://thedoctorskitchen.com/recipes/butter-bean-mushroom-kale-curry/ ...
11:21:59.972630 || Found equipment pan
11:21:59.972630 || Found equipment toaster
11:21:59.972630 || Found equipment knife
11:21:59.972630 || Found equipment chopping board
11:21:59.972630 || Found equipment measuring spoons
11:21:59.972630 || Found equipment scale
11:21:59.972630 || Found equipment grater
11:21:59.980628 || scraping url https://thedoctorskitchen.com/recipes/ginger-lemon-and-cinnamon-water/ ...
11:22:00.364412 || Found equipment pan
11:22:00.364412 || Found equipment knife
11:22:00.364412 || Found equipment chopping board
11:22:00.364412 || Found equipment measuring cup
11:22:00.364412 || Found equipment scale
11:22:00.364412 || Found equipment fridge
11:22:00.364412 || scraping url https://thedoctorskitchen.com/recipes/aubergine-caponata-stew/ ...
11:22:01.038781 || Found equipment pan
11:22:01.038781 || Found equipment pot
11:22:01.038781 || Found equipment knife
11:22:01.038781 || Found equipment chopping board
11:22:01.038781 || Found equipment measuring spoons
11:22:01.038781 || Found equipment scale
11:22:01.038781 || scraping url https://thedoctorskitchen.com/recipes/one-pot-spinach-and-mixed-bean-chilli-draft/ ...
11:22:01.560874 || Found equipment pan
11:22:01.560874 || Found equipment pot
11:22:01.560874 || Found equipment knife
11:22:01.560874 || Found equipment chopping board
11:22:01.560874 || Found equipment measuring spoons
11:22:01.560874 || Found equipment measuring cup
11:22:01.560874 || Found equipment scale
11:22:01.560874 || Found equipment grater
11:22:01.560874 || Found equipment casserole dish
11:22:01.560874 || scraping url https://thedoctorskitchen.com/recipes/broad-bean-red-onion-and-caper-salad/ ...
11:22:02.028400 || Found equipment pan
11:22:02.028400 || Found equipment knife
11:22:02.028400 || Found equipment chopping board
11:22:02.028400 || Found equipment measuring spoons
11:22:02.028400 || Found equipment scale
11:22:02.028400 || Found equipment bowl
11:22:02.028400 || scraping url https://thedoctorskitchen.com/recipes/spinach-and-chickpea-saag-draft/ ...
11:22:02.507771 || Found equipment pan
11:22:02.507771 || Found equipment knife
11:22:02.507771 || Found equipment chopping board
11:22:02.507771 || Found equipment measuring spoons
11:22:02.507771 || Found equipment measuring cup
11:22:02.507771 || Found equipment scale
11:22:02.507771 || Found equipment grater
11:22:02.507771 || scraping url https://thedoctorskitchen.com/recipes/overnight-orange-apple-and-ginger-oats-draft/ ...
11:22:02.977019 || Found equipment measuring spoons
11:22:02.977019 || Found equipment measuring cup
11:22:02.977019 || Found equipment scale
11:22:02.977019 || Found equipment bowl
11:22:02.977019 || Found equipment fridge
11:22:02.977019 || Found equipment grater
11:22:02.977019 || scraping url https://thedoctorskitchen.com/recipes/speedy-fennel-and-tomato-spaghetti-draft/ ...
11:22:03.405072 || Found equipment pan
11:22:03.405072 || Found equipment oven
11:22:03.405072 || Found equipment knife
11:22:03.405072 || Found equipment chopping board
11:22:03.405072 || Found equipment measuring spoons
11:22:03.405072 || Found equipment scale
11:22:03.405072 || scraping url https://thedoctorskitchen.com/recipes/thai-green-bean-curry-draft/ ...
11:22:03.864106 || Found equipment pan
11:22:03.864106 || Found equipment pot
11:22:03.864106 || Found equipment knife
11:22:03.864106 || Found equipment chopping board
11:22:03.864106 || Found equipment measuring spoons
11:22:03.864106 || Found equipment scale
11:22:03.864106 || scraping url https://thedoctorskitchen.com/recipes/masala-spinach-chickpeas-draft/ ...
11:22:04.465260 || Found equipment pot
11:22:04.465260 || Found equipment knife
11:22:04.465260 || Found equipment chopping board
11:22:04.465260 || Found equipment measuring spoons
11:22:04.465260 || Found equipment scale
11:22:04.465260 || scraping url https://thedoctorskitchen.com/recipes/aubergine-and-split-pea-dhansak/ ...
11:22:05.034747 || Found equipment pan
11:22:05.034747 || Found equipment pot
11:22:05.034747 || Found equipment knife
11:22:05.034747 || Found equipment chopping board
11:22:05.034747 || Found equipment measuring spoons
11:22:05.034747 || Found equipment scale
11:22:05.034747 || Found equipment grater
11:22:05.034747 || Found equipment lid
11:22:05.034747 || scraping url https://thedoctorskitchen.com/recipes/spinach-pesto-and-butter-bean-pasta/ ...
11:22:05.528917 || Found equipment pan
11:22:05.528917 || Found equipment toaster
11:22:05.544536 || Found equipment knife
11:22:05.544536 || Found equipment chopping board
11:22:05.544536 || Found equipment measuring spoons
11:22:05.544536 || Found equipment scale
11:22:05.544536 || scraping url https://thedoctorskitchen.com/recipes/broccoli-edamame-and-bean-salad-with-peanut-and-sesame-dressing/ ...
11:22:06.010918 || Found equipment pot
11:22:06.010918 || Found equipment knife
11:22:06.010918 || Found equipment chopping board
11:22:06.010918 || Found equipment measuring spoons
11:22:06.010918 || Found equipment measuring cup
11:22:06.010918 || Found equipment scale
11:22:06.010918 || Found equipment whisk
11:22:06.010918 || scraping url https://thedoctorskitchen.com/recipes/super-nutty-grain-salad-with-soy-ginger-and-lime-dressing-draft/ ...
11:22:06.572678 || Found equipment pot
11:22:06.572678 || Found equipment toaster
11:22:06.572678 || Found equipment oven
11:22:06.572678 || Found equipment knife
11:22:06.572678 || Found equipment chopping board
11:22:06.572678 || Found equipment measuring spoons
11:22:06.572678 || Found equipment scale
11:22:06.572678 || Found equipment bowl
11:22:06.572678 || Found equipment grater
11:22:06.572678 || Found equipment whisk
11:22:06.572678 || scraping url https://thedoctorskitchen.com/recipes/thyme-sumac-baked-peaches-with-elderflower-yoghurt-hazelnuts-draft/ ...
11:22:07.071040 || Found equipment oven
11:22:07.071040 || Found equipment knife
11:22:07.071040 || Found equipment chopping board
11:22:07.071040 || Found equipment measuring spoons
11:22:07.071040 || Found equipment scale
11:22:07.071040 || scraping url https://thedoctorskitchen.com/recipes/big-batch-aubergine-bake/ ...
11:22:07.555412 || Found equipment pan
11:22:07.555412 || Found equipment oven
11:22:07.555412 || Found equipment knife
11:22:07.555412 || Found equipment chopping board
11:22:07.555412 || Found equipment measuring spoons
11:22:07.555412 || Found equipment measuring cup
11:22:07.555412 || Found equipment scale
11:22:07.555412 || Found equipment grater
11:22:07.555412 || scraping url https://thedoctorskitchen.com/recipes/cinnamon-green-bean-and-mushroom-curry/ ...
11:22:08.087449 || Found equipment pot
11:22:08.087449 || Found equipment knife
11:22:08.087449 || Found equipment chopping board
11:22:08.087449 || Found equipment measuring spoons
11:22:08.087449 || Found equipment scale
11:22:08.087449 || scraping url https://thedoctorskitchen.com/recipes/leek-and-butter-bean-cassoulet/ ...
11:22:08.921290 || Found equipment pan
11:22:08.921290 || Found equipment pot
11:22:08.921290 || Found equipment knife
11:22:08.921290 || Found equipment chopping board
11:22:08.921290 || Found equipment measuring spoons
11:22:08.921290 || Found equipment measuring cup
11:22:08.921290 || Found equipment casserole dish
11:22:08.921290 || scraping url https://thedoctorskitchen.com/recipes/no-chop-pot/ ...
11:22:09.388615 || Found equipment pot
11:22:09.388615 || Found equipment oven
11:22:09.388615 || Found equipment knife
11:22:09.388615 || Found equipment chopping board
11:22:09.388615 || Found equipment measuring spoons
11:22:09.388615 || Found equipment scale
11:22:09.388615 || Found equipment grater
11:22:09.388615 || Found equipment casserole dish
11:22:09.388615 || scraping url https://thedoctorskitchen.com/recipes/veggie-sausage-and-swede-one-pot/ ...
11:22:09.964723 || Found equipment pan
11:22:09.964723 || Found equipment oven
11:22:09.964723 || Found equipment knife
11:22:09.964723 || Found equipment chopping board
11:22:09.964723 || Found equipment measuring spoons
11:22:09.964723 || Found equipment measuring cup
11:22:09.964723 || Found equipment casserole dish
11:22:09.964723 || scraping url https://thedoctorskitchen.com/recipes/shaved-fennel-salad/ ...
11:22:10.555315 || Found equipment knife
11:22:10.555315 || Found equipment chopping board
11:22:10.555315 || Found equipment measuring spoons
11:22:10.555315 || Found equipment bowl
11:22:10.570936 || Found equipment mandolin
11:22:10.570936 || scraping url https://thedoctorskitchen.com/recipes/roasted-turmeric-cauliflower-with-smokey-puy-lentils/ ...
11:22:11.230224 || Found equipment pan
11:22:11.230224 || Found equipment oven
11:22:11.230224 || Found equipment knife
11:22:11.230224 || Found equipment chopping board
11:22:11.230224 || Found equipment measuring spoons
11:22:11.230224 || scraping url https://thedoctorskitchen.com/recipes/grilled-harissa-asparagus-salad/ ...
11:22:11.748669 || Found equipment pan
11:22:11.748669 || Found equipment knife
11:22:11.748669 || Found equipment chopping board
11:22:11.748669 || Found equipment measuring spoons
11:22:11.748669 || Found equipment scale
11:22:11.748669 || scraping url https://thedoctorskitchen.com/recipes/spring-asparagus-stew/ ...
11:22:12.217170 || Found equipment pan
11:22:12.217170 || Found equipment pot
11:22:12.217170 || Found equipment knife
11:22:12.217170 || Found equipment chopping board
11:22:12.217170 || Found equipment measuring spoons
11:22:12.217170 || Found equipment measuring cup
11:22:12.217170 || Found equipment scale
11:22:12.217170 || Found equipment bowl
11:22:12.217170 || Found equipment grater
11:22:12.217170 || Found equipment casserole dish
11:22:12.217170 || scraping url https://thedoctorskitchen.com/recipes/szechuan-style-aubergine/ ...
11:22:12.781018 || Found equipment pan
11:22:12.781018 || Found equipment pot
11:22:12.781018 || Found equipment knife
11:22:12.781018 || Found equipment chopping board
11:22:12.781018 || Found equipment measuring spoons
11:22:12.781018 || Found equipment measuring cup
11:22:12.781018 || Found equipment scale
11:22:12.781018 || Found equipment bowl
11:22:12.781018 || Found equipment wok
11:22:12.781018 || Found equipment grater
11:22:12.781018 || scraping url https://thedoctorskitchen.com/recipes/grain-free-apple-and-almond-bircher-with-blueberry-compote/ ...
11:22:13.234979 || Found equipment pan
11:22:13.234979 || Found equipment knife
11:22:13.234979 || Found equipment chopping board
11:22:13.234979 || Found equipment measuring spoons
11:22:13.234979 || Found equipment measuring cup
11:22:13.234979 || Found equipment scale
11:22:13.234979 || Found equipment bowl
11:22:13.234979 || Found equipment fridge
11:22:13.234979 || Found equipment grater
11:22:13.234979 || Found equipment whisk
11:22:13.234979 || Found equipment lid
11:22:13.234979 || scraping url https://thedoctorskitchen.com/recipes/peanut-ginger-sweet-potato-curry-with-pak-choi-and-brown-basmati-rice/ ...
11:22:13.640608 || Found equipment pan
11:22:13.640608 || Found equipment pot
11:22:13.640608 || Found equipment oven
11:22:13.640608 || Found equipment knife
11:22:13.640608 || Found equipment chopping board
11:22:13.640608 || Found equipment measuring cup
11:22:13.640608 || Found equipment scale
11:22:13.656346 || Found equipment grater
11:22:13.656346 || scraping url https://thedoctorskitchen.com/recipes/butternut-squash-with-honey-harissa-dressing/ ...
11:22:14.129668 || Found equipment pan
11:22:14.129668 || Found equipment toaster
11:22:14.129668 || Found equipment oven
11:22:14.129668 || Found equipment knife
11:22:14.129668 || Found equipment chopping board
11:22:14.129668 || Found equipment measuring spoons
11:22:14.129668 || Found equipment measuring cup
11:22:14.129668 || Found equipment scale
11:22:14.129668 || Found equipment bowl
11:22:14.129668 || scraping url https://thedoctorskitchen.com/recipes/tikka-spiced-aubergine-with-chickpeas-and-coriander-yoghurt/ ...
11:22:14.569287 || Found equipment blender
11:22:14.569287 || Found equipment oven
11:22:14.569287 || Found equipment knife
11:22:14.569287 || Found equipment chopping board
11:22:14.569287 || Found equipment measuring spoons
11:22:14.569287 || Found equipment measuring cup
11:22:14.569287 || Found equipment scale
11:22:14.569287 || Found equipment bowl
11:22:14.582007 || scraping url https://thedoctorskitchen.com/recipes/golden-beetroot-bulgur-wheat-risotto-with-spinach-walnuts-and-fresh-thyme/ ...
11:22:15.319756 || Found equipment pan
11:22:15.319756 || Found equipment pot
11:22:15.319756 || Found equipment oven
11:22:15.319756 || Found equipment knife
11:22:15.319756 || Found equipment chopping board
11:22:15.319756 || Found equipment measuring spoons
11:22:15.319756 || Found equipment measuring cup
11:22:15.319756 || Found equipment scale
11:22:15.319756 || scraping url https://thedoctorskitchen.com/recipes/orange-zested-chocolate-bark-with-berries/ ...
11:22:15.894865 || Found equipment pan
11:22:15.894865 || Found equipment knife
11:22:15.894865 || Found equipment chopping board
11:22:15.894865 || Found equipment scale
11:22:15.894865 || Found equipment bowl
11:22:15.894865 || Found equipment baking paper
11:22:15.894865 || Found equipment freezer
11:22:15.894865 || scraping url https://thedoctorskitchen.com/recipes/aubergine-walnut-ragu/ ...
11:22:16.706717 || Found equipment pot
11:22:16.706717 || Found equipment oven
11:22:16.706717 || Found equipment knife
11:22:16.706717 || Found equipment chopping board
11:22:16.706717 || Found equipment measuring spoons
11:22:16.706717 || Found equipment measuring cup
11:22:16.706717 || Found equipment scale
11:22:16.706717 || Found equipment bowl
11:22:16.706717 || Found equipment grater
11:22:16.706717 || scraping url https://thedoctorskitchen.com/recipes/vibrant-malay-salad/ ...
11:22:17.240076 || Found equipment pan
11:22:17.240076 || Found equipment pot
11:22:17.240076 || Found equipment toaster
11:22:17.240076 || Found equipment knife
11:22:17.240076 || Found equipment chopping board
11:22:17.240076 || Found equipment measuring spoons
11:22:17.240076 || Found equipment measuring cup
11:22:17.240076 || Found equipment scale
11:22:17.240076 || Found equipment bowl
11:22:17.240076 || Found equipment grater
11:22:17.240076 || Found equipment lid
11:22:17.248082 || scraping url https://thedoctorskitchen.com/recipes/thyme-ginger-comfort-soup/ ...
11:22:17.935580 || Found equipment pot
11:22:17.935580 || Found equipment blender
11:22:17.939680 || Found equipment knife
11:22:17.939680 || Found equipment chopping board
11:22:17.939680 || Found equipment measuring spoons
11:22:17.939680 || Found equipment scale
11:22:17.939680 || Found equipment grater
11:22:17.939680 || Found equipment lid
11:22:17.939680 || scraping url https://thedoctorskitchen.com/recipes/carrot-and-courgette-laksa/ ...
11:22:18.346726 || Found equipment pot
11:22:18.346726 || Found equipment knife
11:22:18.346726 || Found equipment chopping board
11:22:18.346726 || Found equipment measuring spoons
11:22:18.346726 || Found equipment measuring cup
11:22:18.346726 || Found equipment scale
11:22:18.346726 || Found equipment grater
11:22:18.346726 || scraping url https://thedoctorskitchen.com/recipes/ethiopian-berbere-curry/ ...
11:22:18.761715 || Found equipment pot
11:22:18.761715 || Found equipment blender
11:22:18.761715 || Found equipment knife
11:22:18.761715 || Found equipment chopping board
11:22:18.761715 || Found equipment measuring spoons
11:22:18.761715 || Found equipment measuring cup
11:22:18.761715 || Found equipment scale
11:22:18.761715 || Found equipment lid
11:22:18.761715 || scraping url https://thedoctorskitchen.com/recipes/one-pan-cajun-scramble/ ...
11:22:19.262218 || Found equipment pan
11:22:19.262218 || Found equipment blender
11:22:19.262218 || Found equipment knife
11:22:19.262218 || Found equipment chopping board
11:22:19.262218 || Found equipment measuring spoons
11:22:19.262218 || Found equipment scale
11:22:19.262218 || Found equipment bowl
11:22:19.262218 || Found equipment lid
11:22:19.262218 || scraping url https://thedoctorskitchen.com/recipes/dr-rupys-sipping-broth/ ...
11:22:19.997949 || Found equipment pan
11:22:19.997949 || Found equipment pot
11:22:19.997949 || Found equipment knife
11:22:19.997949 || Found equipment chopping board
11:22:19.997949 || Found equipment measuring spoons
11:22:19.997949 || Found equipment scale
11:22:19.997949 || Found equipment mug
11:22:19.997949 || scraping url https://thedoctorskitchen.com/recipes/cooks-spicy-halloumi-bake/ ...
11:22:21.170480 || Found equipment oven
11:22:21.170480 || Found equipment knife
11:22:21.170480 || Found equipment chopping board
11:22:21.170480 || Found equipment measuring spoons
11:22:21.170480 || Found equipment measuring cup
11:22:21.170480 || Found equipment scale
11:22:21.170480 || scraping url https://thedoctorskitchen.com/recipes/cooks-white-bean-prawn-saganaki/ ...
11:22:21.744460 || Found equipment pan
11:22:21.744460 || Found equipment blender
11:22:21.744460 || Found equipment toaster
11:22:21.744460 || Found equipment knife
11:22:21.744460 || Found equipment chopping board
11:22:21.744460 || Found equipment measuring spoons
11:22:21.744460 || Found equipment scale
11:22:21.744460 || Found equipment lid
11:22:21.744460 || scraping url https://thedoctorskitchen.com/recipes/pea-and-sweet-potato-soup-with-cardamom-and-fennel/ ...
11:22:22.291695 || Found equipment pot
11:22:22.291695 || Found equipment blender
11:22:22.291695 || Found equipment toaster
11:22:22.291695 || Found equipment oven
11:22:22.291695 || Found equipment knife
11:22:22.291695 || Found equipment chopping board
11:22:22.291695 || Found equipment measuring spoons
11:22:22.291695 || Found equipment measuring cup
11:22:22.291695 || Found equipment scale
11:22:22.291695 || scraping url https://thedoctorskitchen.com/recipes/aubergine-slow-cooker-curry/ ...
11:22:22.925944 || Found equipment pan
11:22:22.925944 || Found equipment pot
11:22:22.925944 || Found equipment knife
11:22:22.925944 || Found equipment chopping board
11:22:22.925944 || Found equipment measuring spoons
11:22:22.925944 || Found equipment measuring cup
11:22:22.925944 || Found equipment scale
11:22:22.925944 || Found equipment grater
11:22:22.925944 || Found equipment lid
11:22:22.925944 || scraping url https://thedoctorskitchen.com/recipes/gochujang-noodle-jar-with-pak-choy-and-edamame/ ...
11:22:23.427828 || Found equipment pot
11:22:23.427828 || Found equipment knife
11:22:23.427828 || Found equipment chopping board
11:22:23.427828 || Found equipment measuring spoons
11:22:23.427828 || Found equipment measuring cup
11:22:23.427828 || Found equipment scale
11:22:23.427828 || Found equipment grater
11:22:23.427828 || Found equipment lid
11:22:23.427828 || scraping url https://thedoctorskitchen.com/recipes/spinach-pea-and-broad-bean-pasta-with-fennel-and-pistachio/ ...
11:22:23.978942 || Found equipment pan
11:22:23.978942 || Found equipment pot
11:22:23.978942 || Found equipment blender
11:22:23.978942 || Found equipment knife
11:22:23.978942 || Found equipment chopping board
11:22:23.978942 || Found equipment measuring spoons
11:22:23.978942 || Found equipment measuring cup
11:22:23.978942 || Found equipment scale
11:22:23.978942 || Found equipment grater
11:22:23.978942 || scraping url https://thedoctorskitchen.com/recipes/jackfruit-tomato-and-okra-slow-cooker-stew-with-saffron-rice/ ...
11:22:24.604875 || Found equipment pot
11:22:24.604875 || Found equipment knife
11:22:24.604875 || Found equipment chopping board
11:22:24.604875 || Found equipment measuring spoons
11:22:24.604875 || Found equipment measuring cup
11:22:24.604875 || Found equipment scale
11:22:24.604875 || Found equipment lid
11:22:24.604875 || scraping url https://thedoctorskitchen.com/recipes/kimchi-fried-rice/ ...
11:22:25.119191 || Found equipment pan
11:22:25.119191 || Found equipment pot
11:22:25.119191 || Found equipment knife
11:22:25.119191 || Found equipment chopping board
11:22:25.119191 || Found equipment measuring spoons
11:22:25.119191 || Found equipment scale
11:22:25.119191 || Found equipment wok
11:22:25.119191 || Found equipment grater
11:22:25.119191 || scraping url https://thedoctorskitchen.com/recipes/beetroot-apple-and-ginger-soup/ ...
11:22:25.655990 || Found equipment pot
11:22:25.655990 || Found equipment blender
11:22:25.655990 || Found equipment knife
11:22:25.655990 || Found equipment chopping board
11:22:25.655990 || Found equipment measuring spoons
11:22:25.655990 || Found equipment measuring cup
11:22:25.655990 || Found equipment scale
11:22:25.655990 || Found equipment grater
11:22:25.655990 || Found equipment lid
11:22:25.655990 || scraping url https://thedoctorskitchen.com/recipes/sticky-tangy-green-beans/ ...
11:22:26.239816 || Found equipment pan
11:22:26.239816 || Found equipment knife
11:22:26.239816 || Found equipment chopping board
11:22:26.239816 || Found equipment measuring spoons
11:22:26.239816 || Found equipment scale
11:22:26.239816 || Found equipment grater
11:22:26.239816 || scraping url https://thedoctorskitchen.com/recipes/chicken-banh-mi-sandwich/ ...
11:22:26.655433 || Found equipment pan
11:22:26.655433 || Found equipment knife
11:22:26.655433 || Found equipment chopping board
11:22:26.655433 || Found equipment measuring spoons
11:22:26.655433 || Found equipment scale
11:22:26.655433 || Found equipment bowl
11:22:26.655433 || Found equipment grater
11:22:26.655433 || Found equipment whisk
11:22:26.655433 || scraping url https://thedoctorskitchen.com/recipes/quick-pickled-radish-and-carrots/ ...
11:22:27.156453 || Found equipment pot
11:22:27.156453 || Found equipment knife
11:22:27.156453 || Found equipment chopping board
11:22:27.156453 || Found equipment measuring spoons
11:22:27.156453 || Found equipment measuring cup
11:22:27.156453 || Found equipment scale
11:22:27.156453 || scraping url https://thedoctorskitchen.com/recipes/no-knead-chia-flax-and-oat-bread/ ...
11:22:27.623125 || Found equipment oven
11:22:27.623125 || Found equipment measuring spoons
11:22:27.623125 || Found equipment measuring cup
11:22:27.623125 || Found equipment scale
11:22:27.623125 || Found equipment bowl
11:22:27.623125 || Found equipment whisk
11:22:27.623125 || scraping url https://thedoctorskitchen.com/recipes/vietnamese-style-noodle-bowl-with-sticky-tofu/ ...
11:22:28.186670 || Found equipment pan
11:22:28.186670 || Found equipment pot
11:22:28.186670 || Found equipment knife
11:22:28.186670 || Found equipment chopping board
11:22:28.186670 || Found equipment measuring spoons
11:22:28.186670 || Found equipment measuring cup
11:22:28.186670 || Found equipment scale
11:22:28.186670 || Found equipment bowl
11:22:28.186670 || Found equipment grater
11:22:28.186670 || Found equipment whisk
11:22:28.186670 || scraping url https://thedoctorskitchen.com/recipes/charred-asparagus-broccoli-and-crispy-za-atar-chickpeas-with-rocket/ ...
11:22:28.695127 || Found equipment pan
11:22:28.695127 || Found equipment oven
11:22:28.695127 || Found equipment knife
11:22:28.695127 || Found equipment chopping board
11:22:28.695127 || Found equipment measuring spoons
11:22:28.695127 || Found equipment scale
11:22:28.695127 || Found equipment bowl
11:22:28.695127 || Found equipment whisk
11:22:28.695127 || scraping url https://thedoctorskitchen.com/recipes/grilled-mackerel-salad-with-tomatoes-rocket-avocado-garlicky-croutons-and-red-pesto/ ...
11:22:29.295146 || Found equipment pan
11:22:29.295146 || Found equipment knife
11:22:29.295146 || Found equipment chopping board
11:22:29.295146 || Found equipment measuring spoons
11:22:29.295146 || Found equipment scale
11:22:29.295146 || Found equipment bowl
11:22:29.295146 || scraping url https://thedoctorskitchen.com/recipes/air-fried-aubergine-tomato-cucumber-and-egg-chopped-salad-with-hummus-and-tahini-dressing/ ...
11:22:30.216764 || Found equipment pot
11:22:30.216764 || Found equipment air fryer
11:22:30.216764 || Found equipment knife
11:22:30.216764 || Found equipment chopping board
11:22:30.216764 || Found equipment measuring spoons
11:22:30.216764 || Found equipment scale
11:22:30.216764 || Found equipment bowl
11:22:30.216764 || Found equipment whisk
11:22:30.216764 || scraping url https://thedoctorskitchen.com/recipes/smoky-mushroom-and-tempeh-veggie-burgers/ ...
11:22:30.655263 || Found equipment pan
11:22:30.655263 || Found equipment knife
11:22:30.655263 || Found equipment chopping board
11:22:30.655263 || Found equipment measuring spoons
11:22:30.655263 || Found equipment scale
11:22:30.655263 || Found equipment lid
11:22:30.655263 || Connecting to database...
11:22:33.196148 || Inserting recipe from url https://thedoctorskitchen.com/recipes/apple-and-blackberry-granola-bowl/
11:22:33.196148 || Inserting into recipe table...
11:22:33.584908 || Inserting into meal table...
11:22:33.925582 || Inserting into ingredient table...
11:22:35.323969 || Inserting into recipe_equipment table...
11:22:37.153496 || Inserting recipe from url https://thedoctorskitchen.com/recipes/mushroom-bourguignon/
11:22:37.153496 || Inserting into recipe table...
11:22:37.781836 || Inserting into meal table...
11:22:37.986571 || Inserting into ingredient table...
11:22:40.954152 || Inserting into recipe_equipment table...
11:22:42.212397 || Inserting recipe from url https://thedoctorskitchen.com/recipes/sweet-potato-chickpea-salad-with-sumac-and-tahini-dressing/
11:22:42.212397 || Inserting into recipe table...
11:22:42.804371 || Inserting into meal table...
11:22:43.162222 || Inserting into ingredient table...
11:22:44.528858 || Inserting into recipe_equipment table...
11:22:45.905853 || Inserting recipe from url https://thedoctorskitchen.com/recipes/green-bean-salad/
11:22:45.905853 || Inserting into recipe table...
11:22:46.329139 || Inserting into meal table...
11:22:46.608601 || Inserting into ingredient table...
11:22:48.226462 || Inserting into recipe_equipment table...
11:22:49.084331 || Inserting recipe from url https://thedoctorskitchen.com/recipes/lemon-and-ginger-thai-curry/
11:22:49.084331 || Inserting into recipe table...
11:22:49.504274 || Inserting into meal table...
11:22:49.864333 || Inserting into ingredient table...
11:22:51.914218 || Inserting into recipe_equipment table...
11:22:53.629496 || Inserting recipe from url https://thedoctorskitchen.com/recipes/sweet-potato-rostis-with-poached-eggs/
11:22:53.629496 || Inserting into recipe table...
11:22:54.170705 || Inserting into meal table...
11:22:54.581025 || Inserting into ingredient table...
11:22:56.603739 || Inserting into recipe_equipment table...
11:22:58.420151 || Inserting recipe from url https://thedoctorskitchen.com/recipes/chilli-and-lime-peanut-broccoli-curry/
11:22:58.420151 || Inserting into recipe table...
11:22:58.978531 || Inserting into meal table...
11:22:59.387343 || Inserting into ingredient table...
11:23:02.152969 || Inserting into recipe_equipment table...
11:23:03.689074 || Inserting recipe from url https://thedoctorskitchen.com/recipes/greek-style-beans/
11:23:03.689074 || Inserting into recipe table...
11:23:04.302822 || Inserting into meal table...
11:23:04.513509 || Inserting into ingredient table...
11:23:06.839029 || Inserting into recipe_equipment table...
11:23:08.296394 || Inserting recipe from url https://thedoctorskitchen.com/recipes/veggie-paella/
11:23:08.296394 || Inserting into recipe table...
11:23:08.957784 || Inserting into meal table...
11:23:09.121414 || Inserting into ingredient table...
11:23:11.675857 || Inserting into recipe_equipment table...
11:23:13.521131 || Inserting recipe from url https://thedoctorskitchen.com/recipes/lemon-and-garlic-white-bean-salad/
11:23:13.521131 || Inserting into recipe table...
11:23:14.022692 || Inserting into meal table...
11:23:14.548598 || Inserting into ingredient table...
11:23:16.512113 || Inserting into recipe_equipment table...
11:23:18.126214 || Inserting recipe from url https://thedoctorskitchen.com/recipes/cod-and-chickpea-stew/
11:23:18.126214 || Inserting into recipe table...
11:23:18.648501 || Inserting into meal table...
11:23:18.787938 || Inserting into ingredient table...
11:23:20.589838 || Inserting into recipe_equipment table...
11:23:22.095572 || Inserting recipe from url https://thedoctorskitchen.com/recipes/sweet-courgette-saute/
11:23:22.095572 || Inserting into recipe table...
11:23:22.566092 || Inserting into meal table...
11:23:22.846438 || Inserting into ingredient table...
11:23:24.514049 || Inserting into recipe_equipment table...
11:23:25.608241 || Inserting recipe from url https://thedoctorskitchen.com/recipes/green-pesto-frittata/
11:23:25.608241 || Inserting into recipe table...
11:23:26.085597 || Inserting into meal table...
11:23:26.366122 || Inserting into ingredient table...
11:23:29.709520 || Inserting into recipe_equipment table...
11:23:32.009849 || Inserting recipe from url https://thedoctorskitchen.com/recipes/roast-parsnip-and-tomato-dip/
11:23:32.009849 || Inserting into recipe table...
11:23:32.482278 || Inserting into meal table...
11:23:32.656991 || Inserting into ingredient table...
11:23:34.312514 || Inserting into recipe_equipment table...
11:23:35.669531 || Inserting recipe from url https://thedoctorskitchen.com/recipes/soy-spiced-nuts/
11:23:35.669531 || Inserting into recipe table...
11:23:36.148587 || Inserting into meal table...
11:23:36.288722 || Inserting into ingredient table...
11:23:38.379740 || Inserting into recipe_equipment table...
11:23:39.204330 || Inserting recipe from url https://thedoctorskitchen.com/recipes/masala-and-lime-red-bean-curry/
11:23:39.204330 || Inserting into recipe table...
11:23:39.841412 || Inserting into meal table...
11:23:40.040124 || Inserting into ingredient table...
11:23:43.077906 || Inserting into recipe_equipment table...
11:23:44.852798 || Inserting recipe from url https://thedoctorskitchen.com/recipes/almond-chicken-curry/
11:23:44.852798 || Inserting into recipe table...
11:23:45.364357 || Inserting into meal table...
11:23:45.504008 || Inserting into ingredient table...
11:23:49.283346 || Inserting into recipe_equipment table...
11:23:51.117126 || Inserting recipe from url https://thedoctorskitchen.com/recipes/3-2-1-black-bean-and-chipotle-soup/
11:23:51.117126 || Inserting into recipe table...
11:23:51.654136 || Inserting into meal table...
11:23:51.940222 || Inserting into ingredient table...
11:23:54.785212 || Inserting into recipe_equipment table...
11:23:56.164453 || Inserting recipe from url https://thedoctorskitchen.com/recipes/fragrant-jewelled-rice/
11:23:56.164453 || Inserting into recipe table...
11:23:56.665141 || Inserting into meal table...
11:23:57.037496 || Inserting into ingredient table...
11:23:59.905738 || Inserting into recipe_equipment table...
11:24:01.748596 || Inserting recipe from url https://thedoctorskitchen.com/recipes/3-2-1-fennel-leek-and-beans-with-basil-pesto/
11:24:01.748596 || Inserting into recipe table...
11:24:02.233249 || Inserting into meal table...
11:24:02.646593 || Inserting into ingredient table...
11:24:03.989678 || Inserting into recipe_equipment table...
11:24:05.230197 || Inserting recipe from url https://thedoctorskitchen.com/recipes/3-2-1-huevos-rancheros/
11:24:05.230197 || Inserting into recipe table...
11:24:05.741713 || Inserting into meal table...
11:24:06.020618 || Inserting into ingredient table...
11:24:07.671256 || Inserting into recipe_equipment table...
11:24:08.862393 || Inserting recipe from url https://thedoctorskitchen.com/recipes/3-2-1-persian-style-brown-lentils-with-mixed-green-herbs/
11:24:08.862393 || Inserting into recipe table...
11:24:09.354478 || Inserting into meal table...
11:24:09.741471 || Inserting into ingredient table...
11:24:12.398364 || Inserting into recipe_equipment table...
11:24:14.037702 || Inserting recipe from url https://thedoctorskitchen.com/recipes/chickpea-stew-with-almond-picada/
11:24:14.037702 || Inserting into recipe table...
11:24:14.658037 || Inserting into meal table...
11:24:14.855256 || Inserting into ingredient table...
11:24:17.963613 || Inserting into recipe_equipment table...
11:24:19.570297 || Inserting recipe from url https://thedoctorskitchen.com/recipes/apricot-squash-and-chickpea-tagine/
11:24:19.570297 || Inserting into recipe table...
11:24:20.131164 || Inserting into meal table...
11:24:20.283236 || Inserting into ingredient table...
11:24:22.945225 || Inserting into recipe_equipment table...
11:24:24.306893 || Inserting recipe from url https://thedoctorskitchen.com/recipes/3-2-1-cinnamon-and-cumin-roasted-winter-vegetables-with-baked-halloumi/
11:24:24.306893 || Inserting into recipe table...
11:24:24.723757 || Inserting into meal table...
11:24:25.003950 || Inserting into ingredient table...
11:24:27.245893 || Inserting into recipe_equipment table...
11:24:28.308636 || Inserting recipe from url https://thedoctorskitchen.com/recipes/3-2-1-spring-vegetables-with-miso-butter-and-teriyaki-rice/
11:24:28.308636 || Inserting into recipe table...
11:24:28.907098 || Inserting into meal table...
11:24:29.631202 || Inserting into ingredient table...
11:24:31.853399 || Inserting into recipe_equipment table...
11:24:33.777385 || Inserting recipe from url https://thedoctorskitchen.com/recipes/3-2-1-za-atar-frittata/
11:24:33.777385 || Inserting into recipe table...
11:24:34.300746 || Inserting into meal table...
11:24:34.623776 || Inserting into ingredient table...
11:24:36.271105 || Inserting into recipe_equipment table...
11:24:37.998363 || Inserting recipe from url https://thedoctorskitchen.com/recipes/3-2-1-herb-and-walnut-crumbed-fish-with-pickled-red-cabbage/
11:24:37.998363 || Inserting into recipe table...
11:24:38.538806 || Inserting into meal table...
11:24:39.021220 || Inserting into ingredient table...
11:24:41.221758 || Inserting into recipe_equipment table...
11:24:42.708600 || Inserting recipe from url https://thedoctorskitchen.com/recipes/satay-baked-aubergine-and-broccoli-bowl/
11:24:42.708600 || Inserting into recipe table...
11:24:43.150519 || Inserting into meal table...
11:24:43.433261 || Inserting into ingredient table...
11:24:45.641147 || Inserting into recipe_equipment table...
11:24:47.423067 || Inserting recipe from url https://thedoctorskitchen.com/recipes/jersey-royal-tray-bake-with-mediterranean-herbs/
11:24:47.423067 || Inserting into recipe table...
11:24:47.989607 || Inserting into meal table...
11:24:48.318599 || Inserting into ingredient table...
11:24:50.598100 || Inserting into recipe_equipment table...
11:24:52.242031 || Inserting recipe from url https://thedoctorskitchen.com/recipes/ital-style-vegetables-with-spicy-almond-sauce/
11:24:52.242031 || Inserting into recipe table...
11:24:52.743107 || Inserting into meal table...
11:24:53.087012 || Inserting into ingredient table...
11:24:55.443719 || Inserting into recipe_equipment table...
11:24:56.845607 || Inserting recipe from url https://thedoctorskitchen.com/recipes/roast-aubergine-courgette-and-chickpeas-with-green-herb-dressing/
11:24:56.845607 || Inserting into recipe table...
11:24:57.453465 || Inserting into meal table...
11:24:57.760481 || Inserting into ingredient table...
11:25:00.429155 || Inserting into recipe_equipment table...
11:25:01.815986 || Inserting recipe from url https://thedoctorskitchen.com/recipes/tarragon-mushrooms-on-toast/
11:25:01.815986 || Inserting into recipe table...
11:25:02.476794 || Inserting into meal table...
11:25:02.989504 || Inserting into ingredient table...
11:25:04.146596 || Inserting into recipe_equipment table...
11:25:05.547035 || Inserting recipe from url https://thedoctorskitchen.com/recipes/halloumi-grilled-salad-with-broad-beans-and-pickled-onions/
11:25:05.547035 || Inserting into recipe table...
11:25:06.067930 || Inserting into meal table...
11:25:06.466483 || Inserting into ingredient table...
11:25:09.243161 || Inserting into recipe_equipment table...
11:25:11.182237 || Inserting recipe from url https://thedoctorskitchen.com/recipes/classic-watercress-and-pea-soup/
11:25:11.182237 || Inserting into recipe table...
11:25:11.914692 || Inserting into meal table...
11:25:12.468711 || Inserting into ingredient table...
11:25:14.144513 || Inserting into recipe_equipment table...
11:25:15.885439 || Inserting recipe from url https://thedoctorskitchen.com/recipes/nectarine-and-broad-bean-salad/
11:25:15.885439 || Inserting into recipe table...
11:25:16.507038 || Inserting into meal table...
11:25:16.913696 || Inserting into ingredient table...
11:25:17.933535 || Inserting into recipe_equipment table...
11:25:19.162148 || Inserting recipe from url https://thedoctorskitchen.com/recipes/vietnamese-noodle-salad/
11:25:19.162148 || Inserting into recipe table...
11:25:19.712005 || Inserting into meal table...
11:25:20.018939 || Inserting into ingredient table...
11:25:22.720283 || Inserting into recipe_equipment table...
11:25:24.800104 || Inserting recipe from url https://thedoctorskitchen.com/recipes/aubergine-parmigiana/
11:25:24.800104 || Inserting into recipe table...
11:25:25.352268 || Inserting into meal table...
11:25:25.492017 || Inserting into ingredient table...
11:25:27.865369 || Inserting into recipe_equipment table...
11:25:29.235141 || Inserting recipe from url https://thedoctorskitchen.com/recipes/apple-yoghurt-sumac-watercress-salad/
11:25:29.235141 || Inserting into recipe table...
11:25:29.845415 || Inserting into meal table...
11:25:30.323616 || Inserting into ingredient table...
11:25:31.594226 || Inserting into recipe_equipment table...
11:25:32.433562 || Inserting recipe from url https://thedoctorskitchen.com/recipes/fattoush-salad/
11:25:32.433562 || Inserting into recipe table...
11:25:32.852164 || Inserting into meal table...
11:25:33.132705 || Inserting into ingredient table...
11:25:34.473920 || Inserting into recipe_equipment table...
11:25:36.160038 || Inserting recipe from url https://thedoctorskitchen.com/recipes/new-potato-and-asparagus-salad-with-ranch-dressing/
11:25:36.160038 || Inserting into recipe table...
11:25:36.587632 || Inserting into meal table...
11:25:36.892488 || Inserting into ingredient table...
11:25:39.027385 || Inserting into recipe_equipment table...
11:25:41.235501 || Inserting recipe from url https://thedoctorskitchen.com/recipes/coconut-mushroom-curry/
11:25:41.235501 || Inserting into recipe table...
11:25:41.655265 || Inserting into meal table...
11:25:42.201796 || Inserting into ingredient table...
11:25:44.790855 || Inserting into recipe_equipment table...
11:25:46.506300 || Inserting recipe from url https://thedoctorskitchen.com/recipes/3-2-1-laksa/
11:25:46.506300 || Inserting into recipe table...
11:25:46.959832 || Inserting into meal table...
11:25:47.099599 || Inserting into ingredient table...
11:25:48.937471 || Inserting into recipe_equipment table...
11:25:50.469939 || Inserting recipe from url https://thedoctorskitchen.com/recipes/salmon-broccoli-quinoa-salad-with-miso-dressing/
11:25:50.469939 || Inserting into recipe table...
11:25:50.995991 || Inserting into meal table...
11:25:51.314276 || Inserting into ingredient table...
11:25:54.493036 || Inserting into recipe_equipment table...
11:25:56.789608 || Inserting recipe from url https://thedoctorskitchen.com/recipes/masala-aubergine-bake/
11:25:56.789608 || Inserting into recipe table...
11:25:57.208017 || Inserting into meal table...
11:25:57.347339 || Inserting into ingredient table...
11:25:58.993804 || Inserting into recipe_equipment table...
11:26:00.581556 || Inserting recipe from url https://thedoctorskitchen.com/recipes/leek-and-potato-gratin/
11:26:00.581556 || Inserting into recipe table...
11:26:01.043595 || Inserting into meal table...
11:26:01.387350 || Inserting into ingredient table...
11:26:02.789778 || Inserting into recipe_equipment table...
11:26:04.418564 || Inserting recipe from url https://thedoctorskitchen.com/recipes/big-batch-sweet-potato-curry/
11:26:04.418564 || Inserting into recipe table...
11:26:04.839111 || Inserting into meal table...
11:26:05.117024 || Inserting into ingredient table...
11:26:07.719921 || Inserting into recipe_equipment table...
11:26:09.138368 || Inserting recipe from url https://thedoctorskitchen.com/recipes/mexican-rice-burrito/
11:26:09.138368 || Inserting into recipe table...
11:26:09.750600 || Inserting into meal table...
11:26:09.750600 || Inserting into ingredient table...
11:26:12.415275 || Inserting into recipe_equipment table...
11:26:14.245462 || Inserting recipe from url https://thedoctorskitchen.com/recipes/roast-potato-red-onion-and-chickpea-traybake/
11:26:14.245462 || Inserting into recipe table...
11:26:15.075225 || Inserting into meal table...
11:26:15.417227 || Inserting into ingredient table...
11:26:16.959363 || Inserting into recipe_equipment table...
11:26:17.914165 || Inserting recipe from url https://thedoctorskitchen.com/recipes/simple-breakfast-mezze/
11:26:17.914165 || Inserting into recipe table...
11:26:18.336571 || Inserting into meal table...
11:26:18.763151 || Inserting into ingredient table...
11:26:20.502104 || Inserting into recipe_equipment table...
11:26:21.395135 || Inserting recipe from url https://thedoctorskitchen.com/recipes/grilled-courgette-artichoke-black-olive-quinoa-salad/
11:26:21.395135 || Inserting into recipe table...
11:26:21.953552 || Inserting into meal table...
11:26:22.393629 || Inserting into ingredient table...
11:26:24.287356 || Inserting into recipe_equipment table...
11:26:25.576654 || Inserting recipe from url https://thedoctorskitchen.com/recipes/thai-style-coconut-edamame-and-tofu-noodle-soup/
11:26:25.576654 || Inserting into recipe table...
11:26:26.335827 || Inserting into meal table...
11:26:26.750968 || Inserting into ingredient table...
11:26:29.407614 || Inserting into recipe_equipment table...
11:26:30.712402 || Inserting recipe from url https://thedoctorskitchen.com/recipes/butter-bean-mushroom-kale-curry/
11:26:30.713316 || Inserting into recipe table...
11:26:31.253993 || Inserting into meal table...
11:26:31.556218 || Inserting into ingredient table...
11:26:34.234440 || Inserting into recipe_equipment table...
11:26:35.757260 || Inserting recipe from url https://thedoctorskitchen.com/recipes/ginger-lemon-and-cinnamon-water/
11:26:35.757260 || Inserting into recipe table...
11:26:36.575543 || Inserting into meal table...
11:26:36.575543 || Inserting into ingredient table...
11:26:37.394047 || Inserting into recipe_equipment table...
11:26:38.935498 || Inserting recipe from url https://thedoctorskitchen.com/recipes/aubergine-caponata-stew/
11:26:38.935498 || Inserting into recipe table...
11:26:39.551134 || Inserting into meal table...
11:26:39.954537 || Inserting into ingredient table...
11:26:42.312777 || Inserting into recipe_equipment table...
11:26:43.614003 || Inserting recipe from url https://thedoctorskitchen.com/recipes/one-pot-spinach-and-mixed-bean-chilli-draft/
11:26:43.614003 || Inserting into recipe table...
11:26:44.187001 || Inserting into meal table...
11:26:44.187001 || Inserting into ingredient table...
11:26:46.755704 || Inserting into recipe_equipment table...
11:26:48.763593 || Inserting recipe from url https://thedoctorskitchen.com/recipes/broad-bean-red-onion-and-caper-salad/
11:26:48.763593 || Inserting into recipe table...
11:26:49.273952 || Inserting into meal table...
11:26:49.586961 || Inserting into ingredient table...
11:26:51.051616 || Inserting into recipe_equipment table...
11:26:52.243568 || Inserting recipe from url https://thedoctorskitchen.com/recipes/spinach-and-chickpea-saag-draft/
11:26:52.243568 || Inserting into recipe table...
11:26:52.758855 || Inserting into meal table...
11:26:53.170141 || Inserting into ingredient table...
11:26:56.139565 || Inserting into recipe_equipment table...
11:26:57.673541 || Inserting recipe from url https://thedoctorskitchen.com/recipes/overnight-orange-apple-and-ginger-oats-draft/
11:26:57.673541 || Inserting into recipe table...
11:26:58.327269 || Inserting into meal table...
11:26:58.470080 || Inserting into ingredient table...
11:26:59.615265 || Inserting into recipe_equipment table...
11:27:01.049450 || Inserting recipe from url https://thedoctorskitchen.com/recipes/speedy-fennel-and-tomato-spaghetti-draft/
11:27:01.049450 || Inserting into recipe table...
11:27:01.524402 || Inserting into meal table...
11:27:01.810265 || Inserting into ingredient table...
11:27:03.813415 || Inserting into recipe_equipment table...
11:27:04.940383 || Inserting recipe from url https://thedoctorskitchen.com/recipes/thai-green-bean-curry-draft/
11:27:04.940383 || Inserting into recipe table...
11:27:05.563786 || Inserting into meal table...
11:27:05.563786 || Inserting into ingredient table...
11:27:07.606181 || Inserting into recipe_equipment table...
11:27:08.811533 || Inserting recipe from url https://thedoctorskitchen.com/recipes/masala-spinach-chickpeas-draft/
11:27:08.811533 || Inserting into recipe table...
11:27:09.342663 || Inserting into meal table...
11:27:09.757815 || Inserting into ingredient table...
11:27:11.028396 || Inserting into recipe_equipment table...
11:27:12.107405 || Inserting recipe from url https://thedoctorskitchen.com/recipes/aubergine-and-split-pea-dhansak/
11:27:12.107405 || Inserting into recipe table...
11:27:12.592543 || Inserting into meal table...
11:27:13.111778 || Inserting into ingredient table...
11:27:15.593336 || Inserting into recipe_equipment table...
11:27:17.125538 || Inserting recipe from url https://thedoctorskitchen.com/recipes/spinach-pesto-and-butter-bean-pasta/
11:27:17.125538 || Inserting into recipe table...
11:27:17.643428 || Inserting into meal table...
11:27:17.643428 || Inserting into ingredient table...
11:27:18.871653 || Inserting into recipe_equipment table...
11:27:20.402894 || Inserting recipe from url https://thedoctorskitchen.com/recipes/broccoli-edamame-and-bean-salad-with-peanut-and-sesame-dressing/
11:27:20.402894 || Inserting into recipe table...
11:27:21.016192 || Inserting into meal table...
11:27:21.323666 || Inserting into ingredient table...
11:27:23.667722 || Inserting into recipe_equipment table...
11:27:24.928671 || Inserting recipe from url https://thedoctorskitchen.com/recipes/super-nutty-grain-salad-with-soy-ginger-and-lime-dressing-draft/
11:27:24.928671 || Inserting into recipe table...
11:27:25.363374 || Inserting into meal table...
11:27:25.643630 || Inserting into ingredient table...
11:27:28.497010 || Inserting into recipe_equipment table...
11:27:30.528940 || Inserting recipe from url https://thedoctorskitchen.com/recipes/thyme-sumac-baked-peaches-with-elderflower-yoghurt-hazelnuts-draft/
11:27:30.528940 || Inserting into recipe table...
11:27:30.949556 || Inserting into meal table...
11:27:31.111745 || Inserting into ingredient table...
11:27:32.428221 || Inserting into recipe_equipment table...
11:27:33.450224 || Inserting recipe from url https://thedoctorskitchen.com/recipes/big-batch-aubergine-bake/
11:27:33.450224 || Inserting into recipe table...
11:27:34.022443 || Inserting into meal table...
11:27:34.365455 || Inserting into ingredient table...
11:27:36.450432 || Inserting into recipe_equipment table...
11:27:38.154103 || Inserting recipe from url https://thedoctorskitchen.com/recipes/cinnamon-green-bean-and-mushroom-curry/
11:27:38.154103 || Inserting into recipe table...
11:27:38.601856 || Inserting into meal table...
11:27:38.601856 || Inserting into ingredient table...
11:27:40.677626 || Inserting into recipe_equipment table...
11:27:41.676776 || Inserting recipe from url https://thedoctorskitchen.com/recipes/leek-and-butter-bean-cassoulet/
11:27:41.676776 || Inserting into recipe table...
11:27:42.395552 || Inserting into meal table...
11:27:42.723718 || Inserting into ingredient table...
11:27:44.881603 || Inserting into recipe_equipment table...
11:27:46.545868 || Inserting recipe from url https://thedoctorskitchen.com/recipes/no-chop-pot/
11:27:46.545868 || Inserting into recipe table...
11:27:46.979159 || Inserting into meal table...
11:27:47.258410 || Inserting into ingredient table...
11:27:49.072887 || Inserting into recipe_equipment table...
11:27:50.688394 || Inserting recipe from url https://thedoctorskitchen.com/recipes/veggie-sausage-and-swede-one-pot/
11:27:50.688394 || Inserting into recipe table...
11:27:51.270497 || Inserting into meal table...
11:27:51.411597 || Inserting into ingredient table...
11:27:53.988916 || Inserting into recipe_equipment table...
11:27:55.497355 || Inserting recipe from url https://thedoctorskitchen.com/recipes/shaved-fennel-salad/
11:27:55.497355 || Inserting into recipe table...
11:27:56.020035 || Inserting into meal table...
11:27:56.299910 || Inserting into ingredient table...
11:27:58.638296 || Inserting into recipe_equipment table...
11:27:59.729125 || Inserting recipe from url https://thedoctorskitchen.com/recipes/roasted-turmeric-cauliflower-with-smokey-puy-lentils/
11:27:59.729125 || Inserting into recipe table...
11:28:00.235946 || Inserting into meal table...
11:28:00.545167 || Inserting into ingredient table...
11:28:02.590702 || Inserting into recipe_equipment table...
11:28:03.430261 || Inserting recipe from url https://thedoctorskitchen.com/recipes/grilled-harissa-asparagus-salad/
11:28:03.430261 || Inserting into recipe table...
11:28:03.890826 || Inserting into meal table...
11:28:04.330911 || Inserting into ingredient table...
11:28:05.961730 || Inserting into recipe_equipment table...
11:28:06.993620 || Inserting recipe from url https://thedoctorskitchen.com/recipes/spring-asparagus-stew/
11:28:06.993620 || Inserting into recipe table...
11:28:07.506196 || Inserting into meal table...
11:28:07.872170 || Inserting into ingredient table...
11:28:09.559604 || Inserting into recipe_equipment table...
11:28:11.806448 || Inserting recipe from url https://thedoctorskitchen.com/recipes/szechuan-style-aubergine/
11:28:11.806448 || Inserting into recipe table...
11:28:12.458355 || Inserting into meal table...
11:28:12.458355 || Inserting into ingredient table...
11:28:15.530007 || Inserting into recipe_equipment table...
11:28:17.542306 || Inserting recipe from url https://thedoctorskitchen.com/recipes/grain-free-apple-and-almond-bircher-with-blueberry-compote/
11:28:17.542306 || Inserting into recipe table...
11:28:18.052902 || Inserting into meal table...
11:28:18.257340 || Inserting into ingredient table...
11:28:20.510199 || Inserting into recipe_equipment table...
11:28:22.660653 || Inserting recipe from url https://thedoctorskitchen.com/recipes/peanut-ginger-sweet-potato-curry-with-pak-choi-and-brown-basmati-rice/
11:28:22.660653 || Inserting into recipe table...
11:28:23.159523 || Inserting into meal table...
11:28:23.395655 || Inserting into ingredient table...
11:28:26.155519 || Inserting into recipe_equipment table...
11:28:27.655143 || Inserting recipe from url https://thedoctorskitchen.com/recipes/butternut-squash-with-honey-harissa-dressing/
11:28:27.655143 || Inserting into recipe table...
11:28:28.292570 || Inserting into meal table...
11:28:28.570642 || Inserting into ingredient table...
11:28:31.299975 || Inserting into recipe_equipment table...
11:28:33.144202 || Inserting recipe from url https://thedoctorskitchen.com/recipes/tikka-spiced-aubergine-with-chickpeas-and-coriander-yoghurt/
11:28:33.144202 || Inserting into recipe table...
11:28:33.720144 || Inserting into meal table...
11:28:33.947414 || Inserting into ingredient table...
11:28:36.088250 || Inserting into recipe_equipment table...
11:28:37.918152 || Inserting recipe from url https://thedoctorskitchen.com/recipes/golden-beetroot-bulgur-wheat-risotto-with-spinach-walnuts-and-fresh-thyme/
11:28:37.918152 || Inserting into recipe table...
11:28:38.468111 || Inserting into meal table...
11:28:38.742535 || Inserting into ingredient table...
11:28:41.029820 || Inserting into recipe_equipment table...
11:28:42.837892 || Inserting recipe from url https://thedoctorskitchen.com/recipes/orange-zested-chocolate-bark-with-berries/
11:28:42.837892 || Inserting into recipe table...
11:28:43.312333 || Inserting into meal table...
11:28:43.550270 || Inserting into ingredient table...
11:28:44.579747 || Inserting into recipe_equipment table...
11:28:46.023897 || Inserting recipe from url https://thedoctorskitchen.com/recipes/aubergine-walnut-ragu/
11:28:46.023897 || Inserting into recipe table...
11:28:46.624113 || Inserting into meal table...
11:28:46.952837 || Inserting into ingredient table...
11:28:51.066128 || Inserting into recipe_equipment table...
11:28:52.765287 || Inserting recipe from url https://thedoctorskitchen.com/recipes/vibrant-malay-salad/
11:28:52.765287 || Inserting into recipe table...
11:28:53.254395 || Inserting into meal table...
11:28:53.533281 || Inserting into ingredient table...
11:28:56.892942 || Inserting into recipe_equipment table...
11:28:59.092345 || Inserting recipe from url https://thedoctorskitchen.com/recipes/thyme-ginger-comfort-soup/
11:28:59.092345 || Inserting into recipe table...
11:28:59.627298 || Inserting into meal table...
11:29:00.346661 || Inserting into ingredient table...
11:29:02.171676 || Inserting into recipe_equipment table...
11:29:03.696481 || Inserting recipe from url https://thedoctorskitchen.com/recipes/carrot-and-courgette-laksa/
11:29:03.696481 || Inserting into recipe table...
11:29:04.131120 || Inserting into meal table...
11:29:04.418054 || Inserting into ingredient table...
11:29:06.175977 || Inserting into recipe_equipment table...
11:29:07.388045 || Inserting recipe from url https://thedoctorskitchen.com/recipes/ethiopian-berbere-curry/
11:29:07.388045 || Inserting into recipe table...
11:29:07.929609 || Inserting into meal table...
11:29:08.225431 || Inserting into ingredient table...
11:29:10.571944 || Inserting into recipe_equipment table...
11:29:12.016383 || Inserting recipe from url https://thedoctorskitchen.com/recipes/one-pan-cajun-scramble/
11:29:12.016383 || Inserting into recipe table...
11:29:12.533792 || Inserting into meal table...
11:29:12.941402 || Inserting into ingredient table...
11:29:14.780620 || Inserting into recipe_equipment table...
11:29:16.630732 || Inserting recipe from url https://thedoctorskitchen.com/recipes/dr-rupys-sipping-broth/
11:29:16.630732 || Inserting into recipe table...
11:29:17.239653 || Inserting into meal table...
11:29:17.750922 || Inserting into ingredient table...
11:29:19.611023 || Inserting into recipe_equipment table...
11:29:21.232801 || Inserting recipe from url https://thedoctorskitchen.com/recipes/cooks-spicy-halloumi-bake/
11:29:21.232801 || Inserting into recipe table...
11:29:21.847822 || Inserting into meal table...
11:29:22.256516 || Inserting into ingredient table...
11:29:24.140654 || Inserting into recipe_equipment table...
11:29:25.516713 || Inserting recipe from url https://thedoctorskitchen.com/recipes/cooks-white-bean-prawn-saganaki/
11:29:25.516713 || Inserting into recipe table...
11:29:26.046147 || Inserting into meal table...
11:29:26.497446 || Inserting into ingredient table...
11:29:29.834129 || Inserting into recipe_equipment table...
11:29:31.882576 || Inserting recipe from url https://thedoctorskitchen.com/recipes/pea-and-sweet-potato-soup-with-cardamom-and-fennel/
11:29:31.882576 || Inserting into recipe table...
11:29:32.496785 || Inserting into meal table...
11:29:32.905953 || Inserting into ingredient table...
11:29:35.363477 || Inserting into recipe_equipment table...
11:29:37.391908 || Inserting recipe from url https://thedoctorskitchen.com/recipes/aubergine-slow-cooker-curry/
11:29:37.391908 || Inserting into recipe table...
11:29:37.903467 || Inserting into meal table...
11:29:38.133956 || Inserting into ingredient table...
11:29:42.602361 || Inserting into recipe_equipment table...
11:29:44.416164 || Inserting recipe from url https://thedoctorskitchen.com/recipes/gochujang-noodle-jar-with-pak-choy-and-edamame/
11:29:44.416164 || Inserting into recipe table...
11:29:44.995485 || Inserting into meal table...
11:29:45.500649 || Inserting into ingredient table...
11:29:47.958043 || Inserting into recipe_equipment table...
11:29:49.643724 || Inserting recipe from url https://thedoctorskitchen.com/recipes/spinach-pea-and-broad-bean-pasta-with-fennel-and-pistachio/
11:29:49.643724 || Inserting into recipe table...
11:29:50.211772 || Inserting into meal table...
11:29:50.416222 || Inserting into ingredient table...
11:29:52.771267 || Inserting into recipe_equipment table...
11:29:54.819333 || Inserting recipe from url https://thedoctorskitchen.com/recipes/jackfruit-tomato-and-okra-slow-cooker-stew-with-saffron-rice/
11:29:54.819333 || Inserting into recipe table...
11:29:55.413946 || Inserting into meal table...
11:29:55.842623 || Inserting into ingredient table...
11:29:59.427053 || Inserting into recipe_equipment table...
11:30:00.982529 || Inserting recipe from url https://thedoctorskitchen.com/recipes/kimchi-fried-rice/
11:30:00.982529 || Inserting into recipe table...
11:30:01.509541 || Inserting into meal table...
11:30:01.987641 || Inserting into ingredient table...
11:30:04.758949 || Inserting into recipe_equipment table...
11:30:06.595823 || Inserting recipe from url https://thedoctorskitchen.com/recipes/beetroot-apple-and-ginger-soup/
11:30:06.595823 || Inserting into recipe table...
11:30:07.521936 || Inserting into meal table...
11:30:07.926035 || Inserting into ingredient table...
11:30:09.974122 || Inserting into recipe_equipment table...
11:30:11.715370 || Inserting recipe from url https://thedoctorskitchen.com/recipes/sticky-tangy-green-beans/
11:30:11.715370 || Inserting into recipe table...
11:30:12.227360 || Inserting into meal table...
11:30:12.437266 || Inserting into ingredient table...
11:30:14.588554 || Inserting into recipe_equipment table...
11:30:15.795495 || Inserting recipe from url https://thedoctorskitchen.com/recipes/chicken-banh-mi-sandwich/
11:30:15.795495 || Inserting into recipe table...
11:30:16.263329 || Inserting into meal table...
11:30:16.631580 || Inserting into ingredient table...
11:30:18.920271 || Inserting into recipe_equipment table...
11:30:20.400682 || Inserting recipe from url https://thedoctorskitchen.com/recipes/quick-pickled-radish-and-carrots/
11:30:20.400682 || Inserting into recipe table...
11:30:20.832277 || Inserting into meal table...
11:30:20.975517 || Inserting into ingredient table...
11:30:21.707437 || Inserting into recipe_equipment table...
11:30:22.979954 || Inserting recipe from url https://thedoctorskitchen.com/recipes/no-knead-chia-flax-and-oat-bread/
11:30:22.979954 || Inserting into recipe table...
11:30:23.413303 || Inserting into meal table...
11:30:23.738247 || Inserting into ingredient table...
11:30:25.331121 || Inserting into recipe_equipment table...
11:30:26.482574 || Inserting recipe from url https://thedoctorskitchen.com/recipes/vietnamese-style-noodle-bowl-with-sticky-tofu/
11:30:26.482574 || Inserting into recipe table...
11:30:26.915718 || Inserting into meal table...
11:30:27.061553 || Inserting into ingredient table...
11:30:30.067294 || Inserting into recipe_equipment table...
11:30:31.877350 || Inserting recipe from url https://thedoctorskitchen.com/recipes/charred-asparagus-broccoli-and-crispy-za-atar-chickpeas-with-rocket/
11:30:31.877350 || Inserting into recipe table...
11:30:32.308306 || Inserting into meal table...
11:30:32.451418 || Inserting into ingredient table...
11:30:34.112519 || Inserting into recipe_equipment table...
11:30:35.404317 || Inserting recipe from url https://thedoctorskitchen.com/recipes/grilled-mackerel-salad-with-tomatoes-rocket-avocado-garlicky-croutons-and-red-pesto/
11:30:35.404317 || Inserting into recipe table...
11:30:35.862577 || Inserting into meal table...
11:30:36.005968 || Inserting into ingredient table...
11:30:38.043248 || Inserting into recipe_equipment table...
11:30:39.057949 || Inserting recipe from url https://thedoctorskitchen.com/recipes/air-fried-aubergine-tomato-cucumber-and-egg-chopped-salad-with-hummus-and-tahini-dressing/
11:30:39.057949 || Inserting into recipe table...
11:30:39.760136 || Inserting into meal table...
11:30:40.046640 || Inserting into ingredient table...
11:30:42.018685 || Inserting into recipe_equipment table...
11:30:43.481347 || Inserting recipe from url https://thedoctorskitchen.com/recipes/smoky-mushroom-and-tempeh-veggie-burgers/
11:30:43.481347 || Inserting into recipe table...
11:30:44.012641 || Inserting into meal table...
11:30:44.175383 || Inserting into ingredient table...
11:30:46.735729 || Inserting into recipe_equipment table...
