12:13:37.764674 || Loaded this log file
12:13:37.764674 || Connecting to database...
12:13:37.802507 || Retrieving equipment ids...
12:13:37.810796 || Completed, closing database connection
12:13:38.523699 || loaded 108 recipe URLs
12:13:38.548855 || scraping url https://thedoctorskitchen.com/recipes/spinach-pea-and-broad-bean-pasta-with-fennel-and-pistachio/ ...
12:13:39.146161 || Found equipment pan
12:13:39.147168 || Found equipment pot
12:13:39.147168 || Found equipment blender
12:13:39.147168 || Found equipment knife
12:13:39.147168 || Found equipment chopping board
12:13:39.147168 || Found equipment measuring spoons
12:13:39.147168 || Found equipment measuring cup
12:13:39.147168 || Found equipment scale
12:13:39.149174 || scraping url https://thedoctorskitchen.com/recipes/beetroot-apple-and-ginger-soup/ ...
12:13:39.622975 || Found equipment pot
12:13:39.622975 || Found equipment blender
12:13:39.622975 || Found equipment knife
12:13:39.622975 || Found equipment chopping board
12:13:39.622975 || Found equipment measuring spoons
12:13:39.622975 || Found equipment measuring cup
12:13:39.622975 || Found equipment scale
12:13:39.623960 || Found equipment lid
12:13:39.623960 || scraping url https://thedoctorskitchen.com/recipes/apricot-squash-and-chickpea-tagine/ ...
12:13:40.107774 || Found equipment pan
12:13:40.107774 || Found equipment knife
12:13:40.107774 || Found equipment chopping board
12:13:40.107774 || Found equipment measuring spoons
12:13:40.107774 || Found equipment measuring cup
12:13:40.107774 || Found equipment scale
12:13:40.108758 || scraping url https://thedoctorskitchen.com/recipes/greek-style-beans/ ...
12:13:40.527809 || Found equipment pan
12:13:40.528815 || Found equipment measuring spoons
12:13:40.528815 || Found equipment measuring cup
12:13:40.528815 || Found equipment scale
12:13:40.528815 || Found equipment casserole dish
12:13:40.528815 || scraping url https://thedoctorskitchen.com/recipes/tarragon-mushrooms-on-toast/ ...
12:13:40.998504 || Found equipment pan
12:13:40.998504 || Found equipment toaster
12:13:40.998504 || Found equipment knife
12:13:40.998504 || Found equipment chopping board
12:13:40.998504 || Found equipment measuring spoons
12:13:40.998504 || Found equipment scale
12:13:40.999872 || scraping url https://thedoctorskitchen.com/recipes/3-2-1-laksa/ ...
12:13:41.594570 || Found equipment pan
12:13:41.594570 || Found equipment pot
12:13:41.594570 || Found equipment knife
12:13:41.594570 || Found equipment chopping board
12:13:41.594570 || Found equipment measuring spoons
12:13:41.594570 || Found equipment scale
12:13:41.596079 || Found equipment tea towel
12:13:41.596079 || Found equipment wok
12:13:41.596143 || scraping url https://thedoctorskitchen.com/recipes/kimchi-fried-rice/ ...
12:13:42.183512 || Found equipment pan
12:13:42.183512 || Found equipment pot
12:13:42.183512 || Found equipment knife
12:13:42.183512 || Found equipment chopping board
12:13:42.183512 || Found equipment measuring spoons
12:13:42.183512 || Found equipment scale
12:13:42.184417 || Found equipment wok
12:13:42.184417 || scraping url https://thedoctorskitchen.com/recipes/classic-watercress-and-pea-soup/ ...
12:13:42.923395 || Found equipment blender
12:13:42.923395 || Found equipment knife
12:13:42.923395 || Found equipment chopping board
12:13:42.923395 || Found equipment measuring spoons
12:13:42.923395 || Found equipment measuring cup
12:13:42.923395 || Found equipment scale
12:13:42.923395 || Found equipment casserole dish
12:13:42.924436 || scraping url https://thedoctorskitchen.com/recipes/dr-rupys-sipping-broth/ ...
12:13:43.454348 || Found equipment pan
12:13:43.454348 || Found equipment pot
12:13:43.454348 || Found equipment knife
12:13:43.454348 || Found equipment chopping board
12:13:43.454348 || Found equipment measuring spoons
12:13:43.454348 || Found equipment scale
12:13:43.454348 || Found equipment mug
12:13:43.455360 || scraping url https://thedoctorskitchen.com/recipes/cooks-spicy-halloumi-bake/ ...
12:13:43.932278 || Found equipment pot
12:13:43.932278 || Found equipment oven
12:13:43.932278 || Found equipment knife
12:13:43.932278 || Found equipment chopping board
12:13:43.932278 || Found equipment measuring spoons
12:13:43.932278 || Found equipment measuring cup
12:13:43.932278 || Found equipment scale
12:13:43.933294 || scraping url https://thedoctorskitchen.com/recipes/broccoli-edamame-and-bean-salad-with-peanut-and-sesame-dressing/ ...
12:13:44.416217 || Found equipment pot
12:13:44.416217 || Found equipment knife
12:13:44.416217 || Found equipment chopping board
12:13:44.416217 || Found equipment measuring spoons
12:13:44.416217 || Found equipment measuring cup
12:13:44.416217 || Found equipment scale
12:13:44.416217 || Found equipment whisk
12:13:44.424106 || scraping url https://thedoctorskitchen.com/recipes/cinnamon-green-bean-and-mushroom-curry/ ...
12:13:44.940469 || Found equipment pot
12:13:44.941478 || Found equipment knife
12:13:44.941478 || Found equipment chopping board
12:13:44.941478 || Found equipment measuring spoons
12:13:44.941478 || Found equipment scale
12:13:44.942215 || scraping url https://thedoctorskitchen.com/recipes/spinach-and-chickpea-saag-draft/ ...
12:13:45.437186 || Found equipment pan
12:13:45.437186 || Found equipment knife
12:13:45.437186 || Found equipment chopping board
12:13:45.437186 || Found equipment measuring spoons
12:13:45.437186 || Found equipment measuring cup
12:13:45.437186 || Found equipment scale
12:13:45.437186 || scraping url https://thedoctorskitchen.com/recipes/spinach-pesto-and-butter-bean-pasta/ ...
12:13:45.944505 || Found equipment pan
12:13:45.945190 || Found equipment toaster
12:13:45.945190 || Found equipment knife
12:13:45.945190 || Found equipment chopping board
12:13:45.945190 || Found equipment measuring spoons
12:13:45.945190 || Found equipment scale
12:13:45.946268 || scraping url https://thedoctorskitchen.com/recipes/charred-asparagus-broccoli-and-crispy-za-atar-chickpeas-with-rocket/ ...
12:13:46.450343 || Found equipment pan
12:13:46.450343 || Found equipment pot
12:13:46.450343 || Found equipment oven
12:13:46.451338 || Found equipment knife
12:13:46.451338 || Found equipment chopping board
12:13:46.451338 || Found equipment measuring spoons
12:13:46.451338 || Found equipment scale
12:13:46.451338 || Found equipment bowl
12:13:46.451338 || Found equipment whisk
12:13:46.452295 || scraping url https://thedoctorskitchen.com/recipes/sweet-potato-chickpea-salad-with-sumac-and-tahini-dressing/ ...
12:13:46.951715 || Found equipment pot
12:13:46.951715 || Found equipment oven
12:13:46.952715 || Found equipment knife
12:13:46.952715 || Found equipment chopping board
12:13:46.952715 || Found equipment measuring spoons
12:13:46.952715 || Found equipment scale
12:13:46.952715 || Found equipment bowl
12:13:46.952715 || Found equipment whisk
12:13:46.953450 || scraping url https://thedoctorskitchen.com/recipes/gochujang-noodle-jar-with-pak-choy-and-edamame/ ...
12:13:48.583797 || Found equipment pot
12:13:48.583797 || Found equipment knife
12:13:48.583797 || Found equipment chopping board
12:13:48.584839 || Found equipment measuring spoons
12:13:48.584839 || Found equipment measuring cup
12:13:48.584839 || Found equipment scale
12:13:48.584839 || Found equipment lid
12:13:48.584839 || scraping url https://thedoctorskitchen.com/recipes/green-pesto-frittata/ ...
12:13:49.060007 || Found equipment pan
12:13:49.060007 || Found equipment oven
12:13:49.060007 || Found equipment knife
12:13:49.060007 || Found equipment chopping board
12:13:49.060007 || Found equipment measuring spoons
12:13:49.060007 || Found equipment scale
12:13:49.060007 || Found equipment bowl
12:13:49.060007 || Found equipment whisk
12:13:49.061007 || Found equipment lid
12:13:49.061384 || scraping url https://thedoctorskitchen.com/recipes/salmon-broccoli-quinoa-salad-with-miso-dressing/ ...
12:13:49.515204 || Found equipment pan
12:13:49.515204 || Found equipment pot
12:13:49.515204 || Found equipment oven
12:13:49.515204 || Found equipment knife
12:13:49.516103 || Found equipment chopping board
12:13:49.516103 || Found equipment measuring spoons
12:13:49.516103 || Found equipment measuring cup
12:13:49.516103 || Found equipment scale
12:13:49.516103 || Found equipment lid
12:13:49.517147 || scraping url https://thedoctorskitchen.com/recipes/roast-aubergine-courgette-and-chickpeas-with-green-herb-dressing/ ...
12:13:49.997453 || Found equipment blender
12:13:49.998498 || Found equipment oven
12:13:49.998498 || Found equipment knife
12:13:49.998498 || Found equipment chopping board
12:13:49.998498 || Found equipment measuring spoons
12:13:49.998498 || Found equipment scale
12:13:49.998498 || Found equipment bowl
12:13:49.999825 || Connecting to database...
12:13:50.152652 || Inserting recipe from url https://thedoctorskitchen.com/recipes/spinach-pea-and-broad-bean-pasta-with-fennel-and-pistachio/
12:13:50.152652 || Inserting into recipe table...
12:13:50.158122 || Inserting into meal table...
12:13:50.159121 || Inserting into ingredient table...
12:13:50.163149 || Inserting into recipe_equipment table...
12:13:50.167333 || Inserting recipe from url https://thedoctorskitchen.com/recipes/beetroot-apple-and-ginger-soup/
12:13:50.167333 || Inserting into recipe table...
12:13:50.167333 || Inserting into meal table...
12:13:50.168962 || Inserting into ingredient table...
12:13:50.170565 || Inserting into recipe_equipment table...
12:13:50.172565 || Inserting recipe from url https://thedoctorskitchen.com/recipes/apricot-squash-and-chickpea-tagine/
12:13:50.172565 || Inserting into recipe table...
12:13:50.173566 || Inserting into meal table...
12:13:50.173566 || Inserting into ingredient table...
12:13:50.178131 || Inserting into recipe_equipment table...
12:13:50.179131 || Inserting recipe from url https://thedoctorskitchen.com/recipes/greek-style-beans/
12:13:50.180131 || Inserting into recipe table...
12:13:50.180131 || Inserting into meal table...
12:13:50.181133 || Inserting into ingredient table...
12:13:50.184205 || Inserting into recipe_equipment table...
12:13:50.186516 || Inserting recipe from url https://thedoctorskitchen.com/recipes/tarragon-mushrooms-on-toast/
12:13:50.186516 || Inserting into recipe table...
12:13:50.187869 || Inserting into meal table...
12:13:50.188883 || Inserting into ingredient table...
12:13:50.190515 || Inserting into recipe_equipment table...
12:13:50.192465 || Inserting recipe from url https://thedoctorskitchen.com/recipes/3-2-1-laksa/
12:13:50.192465 || Inserting into recipe table...
12:13:50.192465 || Inserting into meal table...
12:13:50.192465 || Inserting into ingredient table...
12:13:50.196120 || Inserting into recipe_equipment table...
12:13:50.199063 || Inserting recipe from url https://thedoctorskitchen.com/recipes/kimchi-fried-rice/
12:13:50.199063 || Inserting into recipe table...
12:13:50.200044 || Inserting into meal table...
12:13:50.200044 || Inserting into ingredient table...
12:13:50.203057 || Inserting into recipe_equipment table...
12:13:50.206044 || Inserting recipe from url https://thedoctorskitchen.com/recipes/classic-watercress-and-pea-soup/
12:13:50.206044 || Inserting into recipe table...
12:13:50.207786 || Inserting into meal table...
12:13:50.207786 || Inserting into ingredient table...
12:13:50.209796 || Inserting into recipe_equipment table...
12:13:50.212791 || Inserting recipe from url https://thedoctorskitchen.com/recipes/dr-rupys-sipping-broth/
12:13:50.212791 || Inserting into recipe table...
12:13:50.213785 || Inserting into meal table...
12:13:50.214786 || Inserting into ingredient table...
12:13:50.217302 || Inserting into recipe_equipment table...
12:13:50.220299 || Inserting recipe from url https://thedoctorskitchen.com/recipes/cooks-spicy-halloumi-bake/
12:13:50.220299 || Inserting into recipe table...
12:13:50.220299 || Inserting into meal table...
12:13:50.220299 || Inserting into ingredient table...
12:13:50.221299 || Inserting into recipe_equipment table...
12:13:50.222298 || Inserting recipe from url https://thedoctorskitchen.com/recipes/broccoli-edamame-and-bean-salad-with-peanut-and-sesame-dressing/
12:13:50.222298 || Inserting into recipe table...
12:13:50.222298 || Inserting into meal table...
12:13:50.222298 || Inserting into ingredient table...
12:13:50.224147 || Inserting into recipe_equipment table...
12:13:50.225158 || Inserting recipe from url https://thedoctorskitchen.com/recipes/cinnamon-green-bean-and-mushroom-curry/
12:13:50.225158 || Inserting into recipe table...
12:13:50.225158 || Inserting into meal table...
12:13:50.225158 || Inserting into ingredient table...
12:13:50.226300 || Inserting into recipe_equipment table...
12:13:50.227337 || Inserting recipe from url https://thedoctorskitchen.com/recipes/spinach-and-chickpea-saag-draft/
12:13:50.227337 || Inserting into recipe table...
12:13:50.227337 || Inserting into meal table...
12:13:50.227337 || Inserting into ingredient table...
12:13:50.229347 || Inserting into recipe_equipment table...
12:13:50.230342 || Inserting recipe from url https://thedoctorskitchen.com/recipes/spinach-pesto-and-butter-bean-pasta/
12:13:50.230342 || Inserting into recipe table...
12:13:50.230342 || Inserting into meal table...
12:13:50.230342 || Inserting into ingredient table...
12:13:50.230342 || Inserting into recipe_equipment table...
12:13:50.231437 || Inserting recipe from url https://thedoctorskitchen.com/recipes/charred-asparagus-broccoli-and-crispy-za-atar-chickpeas-with-rocket/
12:13:50.231437 || Inserting into recipe table...
12:13:50.232346 || Inserting into meal table...
12:13:50.232346 || Inserting into ingredient table...
12:13:50.233346 || Inserting into recipe_equipment table...
12:13:50.234343 || Inserting recipe from url https://thedoctorskitchen.com/recipes/sweet-potato-chickpea-salad-with-sumac-and-tahini-dressing/
12:13:50.234343 || Inserting into recipe table...
12:13:50.234343 || Inserting into meal table...
12:13:50.234343 || Inserting into ingredient table...
12:13:50.236875 || Inserting into recipe_equipment table...
12:13:50.237864 || Inserting recipe from url https://thedoctorskitchen.com/recipes/gochujang-noodle-jar-with-pak-choy-and-edamame/
12:13:50.237864 || Inserting into recipe table...
12:13:50.238954 || Inserting into meal table...
12:13:50.238954 || Inserting into ingredient table...
12:13:50.239967 || Inserting into recipe_equipment table...
12:13:50.240863 || Inserting recipe from url https://thedoctorskitchen.com/recipes/green-pesto-frittata/
12:13:50.240863 || Inserting into recipe table...
12:13:50.240863 || Inserting into meal table...
12:13:50.240863 || Inserting into ingredient table...
12:13:50.241970 || Inserting into recipe_equipment table...
12:13:50.242959 || Inserting recipe from url https://thedoctorskitchen.com/recipes/salmon-broccoli-quinoa-salad-with-miso-dressing/
12:13:50.242959 || Inserting into recipe table...
12:13:50.242959 || Inserting into meal table...
12:13:50.242959 || Inserting into ingredient table...
12:13:50.243950 || Inserting into recipe_equipment table...
12:13:50.245864 || Inserting recipe from url https://thedoctorskitchen.com/recipes/roast-aubergine-courgette-and-chickpeas-with-green-herb-dressing/
12:13:50.245864 || Inserting into recipe table...
12:13:50.245864 || Inserting into meal table...
12:13:50.246910 || Inserting into ingredient table...
12:13:50.247909 || Inserting into recipe_equipment table...
12:44:45.669379 || Loaded this log file
12:44:45.669379 || Connecting to database...
12:44:45.703390 || Retrieving equipment ids...
12:44:45.712021 || Completed, closing database connection
12:44:45.978332 || loaded 108 recipe URLs
12:44:45.997221 || scraping url https://thedoctorskitchen.com/recipes/3-2-1-za-atar-frittata/ ...
12:44:46.485123 || Found equipment pan
12:44:46.485123 || Found equipment blender
12:44:46.485123 || Found equipment oven
12:44:46.485123 || Found equipment knife
12:44:46.485123 || Found equipment chopping board
12:44:46.485123 || Found equipment measuring spoons
12:44:46.485123 || Found equipment measuring cup
12:44:46.485123 || Found equipment scale
12:44:46.485123 || Found equipment whisk
12:44:46.486209 || scraping url https://thedoctorskitchen.com/recipes/mexican-rice-burrito/ ...
12:44:46.942101 || Found equipment pan
12:44:46.942101 || Found equipment pot
12:44:46.942101 || Found equipment toaster
12:44:46.942101 || Found equipment oven
12:44:46.942101 || Found equipment knife
12:44:46.942101 || Found equipment chopping board
12:44:46.942101 || Found equipment measuring spoons
12:44:46.943100 || Found equipment measuring cup
12:44:46.943100 || Found equipment scale
12:44:46.943100 || scraping url https://thedoctorskitchen.com/recipes/greek-style-beans/ ...
12:44:47.109978 || Found equipment pan
12:44:47.110978 || Found equipment measuring spoons
12:44:47.110978 || Found equipment measuring cup
12:44:47.110978 || Found equipment scale
12:44:47.110978 || Found equipment grater
12:44:47.110978 || Found equipment casserole dish
12:44:47.111543 || scraping url https://thedoctorskitchen.com/recipes/3-2-1-cinnamon-and-cumin-roasted-winter-vegetables-with-baked-halloumi/ ...
12:44:47.573988 || Found equipment pot
12:44:47.573988 || Found equipment oven
12:44:47.573988 || Found equipment knife
12:44:47.573988 || Found equipment chopping board
12:44:47.573988 || Found equipment measuring spoons
12:44:47.573988 || Found equipment scale
12:44:47.575136 || scraping url https://thedoctorskitchen.com/recipes/3-2-1-black-bean-and-chipotle-soup/ ...
12:44:48.032849 || Found equipment pot
12:44:48.032849 || Found equipment blender
12:44:48.032849 || Found equipment knife
12:44:48.032849 || Found equipment chopping board
12:44:48.032849 || Found equipment measuring spoons
12:44:48.032849 || Found equipment measuring cup
12:44:48.032849 || Found equipment scale
12:44:48.032849 || Found equipment grater
12:44:48.033808 || scraping url https://thedoctorskitchen.com/recipes/peanut-ginger-sweet-potato-curry-with-pak-choi-and-brown-basmati-rice/ ...
12:44:48.563196 || Found equipment pan
12:44:48.563196 || Found equipment pot
12:44:48.564194 || Found equipment oven
12:44:48.564194 || Found equipment knife
12:44:48.564194 || Found equipment chopping board
12:44:48.564194 || Found equipment measuring cup
12:44:48.564194 || Found equipment scale
12:44:48.565110 || Found equipment grater
12:44:48.566142 || scraping url https://thedoctorskitchen.com/recipes/leek-and-potato-gratin/ ...
12:44:49.045335 || Found equipment oven
12:44:49.045335 || Found equipment knife
12:44:49.045335 || Found equipment chopping board
12:44:49.045335 || Found equipment measuring spoons
12:44:49.045335 || Found equipment measuring cup
12:44:49.045335 || Found equipment scale
12:44:49.045335 || Found equipment lid
12:44:49.046235 || scraping url https://thedoctorskitchen.com/recipes/pea-and-sweet-potato-soup-with-cardamom-and-fennel/ ...
12:44:49.520692 || Found equipment pot
12:44:49.520692 || Found equipment blender
12:44:49.520692 || Found equipment toaster
12:44:49.520692 || Found equipment oven
12:44:49.520692 || Found equipment knife
12:44:49.521700 || Found equipment chopping board
12:44:49.521700 || Found equipment measuring spoons
12:44:49.521700 || Found equipment measuring cup
12:44:49.521700 || Found equipment scale
12:44:49.521700 || scraping url https://thedoctorskitchen.com/recipes/orange-zested-chocolate-bark-with-berries/ ...
12:44:50.029458 || Found equipment pan
12:44:50.029458 || Found equipment knife
12:44:50.029458 || Found equipment chopping board
12:44:50.030453 || Found equipment scale
12:44:50.030453 || Found equipment bowl
12:44:50.030453 || Found equipment baking paper
12:44:50.030453 || Found equipment freezer
12:44:50.030453 || scraping url https://thedoctorskitchen.com/recipes/veggie-paella/ ...
12:44:50.692714 || Found equipment pan
12:44:50.692714 || Found equipment pot
12:44:50.692714 || Found equipment toaster
12:44:50.692714 || Found equipment knife
12:44:50.693629 || Found equipment chopping board
12:44:50.693629 || Found equipment measuring spoons
12:44:50.693629 || Found equipment measuring cup
12:44:50.693629 || Found equipment scale
12:44:50.693629 || Found equipment casserole dish
12:44:50.693629 || scraping url https://thedoctorskitchen.com/recipes/roast-parsnip-and-tomato-dip/ ...
12:44:51.170797 || Found equipment pan
12:44:51.170797 || Found equipment toaster
12:44:51.170797 || Found equipment oven
12:44:51.171797 || Found equipment knife
12:44:51.171797 || Found equipment chopping board
12:44:51.171797 || Found equipment measuring spoons
12:44:51.171797 || Found equipment scale
12:44:51.171797 || scraping url https://thedoctorskitchen.com/recipes/apple-yoghurt-sumac-watercress-salad/ ...
12:44:51.720087 || Found equipment knife
12:44:51.720087 || Found equipment chopping board
12:44:51.720087 || Found equipment measuring spoons
12:44:51.720087 || Found equipment scale
12:44:51.720087 || Found equipment bowl
12:44:51.720087 || scraping url https://thedoctorskitchen.com/recipes/broccoli-edamame-and-bean-salad-with-peanut-and-sesame-dressing/ ...
12:44:51.870627 || Found equipment pot
12:44:51.870627 || Found equipment knife
12:44:51.871615 || Found equipment chopping board
12:44:51.871615 || Found equipment measuring spoons
12:44:51.871615 || Found equipment measuring cup
12:44:51.871615 || Found equipment scale
12:44:51.871615 || Found equipment whisk
12:44:51.871615 || scraping url https://thedoctorskitchen.com/recipes/lemon-and-garlic-white-bean-salad/ ...
12:44:52.358081 || Found equipment pan
12:44:52.359160 || Found equipment knife
12:44:52.359160 || Found equipment chopping board
12:44:52.359160 || Found equipment measuring spoons
12:44:52.359160 || Found equipment scale
12:44:52.359160 || Found equipment bowl
12:44:52.359160 || Found equipment grater
12:44:52.359160 || scraping url https://thedoctorskitchen.com/recipes/quick-pickled-radish-and-carrots/ ...
12:44:52.812399 || Found equipment pot
12:44:52.812399 || Found equipment knife
12:44:52.813318 || Found equipment measuring spoons
12:44:52.813318 || Found equipment measuring cup
12:44:52.813318 || Found equipment scale
12:44:52.813318 || scraping url https://thedoctorskitchen.com/recipes/veggie-sausage-and-swede-one-pot/ ...
12:44:53.352650 || Found equipment pan
12:44:53.353650 || Found equipment pot
12:44:53.353650 || Found equipment oven
12:44:53.353650 || Found equipment knife
12:44:53.353650 || Found equipment chopping board
12:44:53.353650 || Found equipment measuring spoons
12:44:53.353650 || Found equipment measuring cup
12:44:53.353650 || Found equipment casserole dish
12:44:53.354650 || scraping url https://thedoctorskitchen.com/recipes/cinnamon-green-bean-and-mushroom-curry/ ...
12:44:53.508552 || Found equipment pot
12:44:53.508552 || Found equipment knife
12:44:53.508552 || Found equipment chopping board
12:44:53.508552 || Found equipment measuring spoons
12:44:53.508552 || Found equipment scale
12:44:53.509727 || scraping url https://thedoctorskitchen.com/recipes/salmon-broccoli-quinoa-salad-with-miso-dressing/ ...
12:44:53.672913 || Found equipment pan
12:44:53.672913 || Found equipment pot
12:44:53.673877 || Found equipment oven
12:44:53.673877 || Found equipment knife
12:44:53.673877 || Found equipment chopping board
12:44:53.673877 || Found equipment measuring spoons
12:44:53.673877 || Found equipment measuring cup
12:44:53.673877 || Found equipment scale
12:44:53.673877 || Found equipment grater
12:44:53.673877 || Found equipment lid
12:44:53.673877 || scraping url https://thedoctorskitchen.com/recipes/thai-green-bean-curry-draft/ ...
12:44:54.164887 || Found equipment pan
12:44:54.164887 || Found equipment pot
12:44:54.164887 || Found equipment knife
12:44:54.164887 || Found equipment chopping board
12:44:54.164887 || Found equipment measuring spoons
12:44:54.164887 || Found equipment scale
12:44:54.165888 || scraping url https://thedoctorskitchen.com/recipes/broad-bean-red-onion-and-caper-salad/ ...
12:44:54.653529 || Found equipment pan
12:44:54.653529 || Found equipment pot
12:44:54.653529 || Found equipment knife
12:44:54.653529 || Found equipment chopping board
12:44:54.653529 || Found equipment measuring spoons
12:44:54.653529 || Found equipment scale
12:44:54.653529 || Found equipment bowl
12:44:54.655531 || Connecting to database...
12:44:54.703526 || Inserting recipe from url https://thedoctorskitchen.com/recipes/3-2-1-za-atar-frittata/
12:44:54.703526 || Inserting into recipe table...
12:44:54.705489 || Inserting into meal table...
12:44:54.706490 || Inserting into ingredient table...
12:44:54.710615 || Inserting into recipe_equipment table...
12:44:54.715609 || Inserting recipe from url https://thedoctorskitchen.com/recipes/mexican-rice-burrito/
12:44:54.715609 || Inserting into recipe table...
12:44:54.717119 || Inserting into meal table...
12:44:54.717119 || Inserting into ingredient table...
12:44:54.720929 || Inserting into recipe_equipment table...
12:44:54.722916 || Inserting recipe from url https://thedoctorskitchen.com/recipes/greek-style-beans/
12:44:54.722916 || Inserting into recipe table...
12:44:54.723893 || Inserting into meal table...
12:44:54.723893 || Inserting into ingredient table...
12:44:54.725892 || Inserting into recipe_equipment table...
12:44:54.727563 || Inserting recipe from url https://thedoctorskitchen.com/recipes/3-2-1-cinnamon-and-cumin-roasted-winter-vegetables-with-baked-halloumi/
12:44:54.727563 || Inserting into recipe table...
12:44:54.728407 || Inserting into meal table...
12:44:54.729426 || Inserting into ingredient table...
12:44:54.732410 || Inserting into recipe_equipment table...
12:44:54.734407 || Inserting recipe from url https://thedoctorskitchen.com/recipes/3-2-1-black-bean-and-chipotle-soup/
12:44:54.734407 || Inserting into recipe table...
12:44:54.735406 || Inserting into meal table...
12:44:54.735406 || Inserting into ingredient table...
12:44:54.740079 || Inserting into recipe_equipment table...
12:44:54.742081 || Inserting recipe from url https://thedoctorskitchen.com/recipes/peanut-ginger-sweet-potato-curry-with-pak-choi-and-brown-basmati-rice/
12:44:54.742081 || Inserting into recipe table...
12:44:54.743092 || Inserting into meal table...
12:44:54.744089 || Inserting into ingredient table...
12:44:54.747596 || Inserting into recipe_equipment table...
12:44:54.749601 || Inserting recipe from url https://thedoctorskitchen.com/recipes/leek-and-potato-gratin/
12:44:54.749601 || Inserting into recipe table...
12:44:54.750602 || Inserting into meal table...
12:44:54.750602 || Inserting into ingredient table...
12:44:54.753602 || Inserting into recipe_equipment table...
12:44:54.754603 || Inserting recipe from url https://thedoctorskitchen.com/recipes/pea-and-sweet-potato-soup-with-cardamom-and-fennel/
12:44:54.754603 || Inserting into recipe table...
12:44:54.756006 || Inserting into meal table...
12:44:54.756006 || Inserting into ingredient table...
12:44:54.758521 || Inserting into recipe_equipment table...
12:44:54.760526 || Inserting recipe from url https://thedoctorskitchen.com/recipes/orange-zested-chocolate-bark-with-berries/
12:44:54.760526 || Inserting into recipe table...
12:44:54.761526 || Inserting into meal table...
12:44:54.761526 || Inserting into ingredient table...
12:44:54.763526 || Inserting into recipe_equipment table...
12:44:54.765533 || Inserting recipe from url https://thedoctorskitchen.com/recipes/veggie-paella/
12:44:54.765533 || Inserting into recipe table...
12:44:54.766550 || Inserting into meal table...
12:44:54.766550 || Inserting into ingredient table...
12:44:54.770705 || Inserting into recipe_equipment table...
12:44:54.773706 || Inserting recipe from url https://thedoctorskitchen.com/recipes/roast-parsnip-and-tomato-dip/
12:44:54.773706 || Inserting into recipe table...
12:44:54.773706 || Inserting into meal table...
12:44:54.774707 || Inserting into ingredient table...
12:44:54.776296 || Inserting into recipe_equipment table...
12:44:54.778056 || Inserting recipe from url https://thedoctorskitchen.com/recipes/apple-yoghurt-sumac-watercress-salad/
12:44:54.778056 || Inserting into recipe table...
12:44:54.778056 || Inserting into meal table...
12:44:54.778056 || Inserting into ingredient table...
12:44:54.779385 || Inserting into recipe_equipment table...
12:44:54.780503 || Inserting recipe from url https://thedoctorskitchen.com/recipes/broccoli-edamame-and-bean-salad-with-peanut-and-sesame-dressing/
12:44:54.780503 || Inserting into recipe table...
12:44:54.780503 || Inserting into meal table...
12:44:54.781410 || Inserting into ingredient table...
12:44:54.783446 || Inserting into recipe_equipment table...
12:44:54.784410 || Inserting recipe from url https://thedoctorskitchen.com/recipes/lemon-and-garlic-white-bean-salad/
12:44:54.784410 || Inserting into recipe table...
12:44:54.784410 || Inserting into meal table...
12:44:54.784410 || Inserting into ingredient table...
12:44:54.785493 || Inserting into recipe_equipment table...
12:44:54.785493 || Inserting recipe from url https://thedoctorskitchen.com/recipes/quick-pickled-radish-and-carrots/
12:44:54.785493 || Inserting into recipe table...
12:44:54.785493 || Inserting into meal table...
12:44:54.786486 || Inserting into ingredient table...
12:44:54.786486 || Inserting into recipe_equipment table...
12:44:54.786486 || Inserting recipe from url https://thedoctorskitchen.com/recipes/veggie-sausage-and-swede-one-pot/
12:44:54.786486 || Inserting into recipe table...
12:44:54.787408 || Inserting into meal table...
12:44:54.787408 || Inserting into ingredient table...
12:44:54.788963 || Inserting into recipe_equipment table...
12:44:54.790058 || Inserting recipe from url https://thedoctorskitchen.com/recipes/cinnamon-green-bean-and-mushroom-curry/
12:44:54.790058 || Inserting into recipe table...
12:44:54.790058 || Inserting into meal table...
12:44:54.790058 || Inserting into ingredient table...
12:44:54.791054 || Inserting into recipe_equipment table...
12:44:54.792052 || Inserting recipe from url https://thedoctorskitchen.com/recipes/salmon-broccoli-quinoa-salad-with-miso-dressing/
12:44:54.792052 || Inserting into recipe table...
12:44:54.792052 || Inserting into meal table...
12:44:54.792052 || Inserting into ingredient table...
12:44:54.794046 || Inserting into recipe_equipment table...
12:44:54.794046 || Inserting recipe from url https://thedoctorskitchen.com/recipes/thai-green-bean-curry-draft/
12:44:54.794046 || Inserting into recipe table...
12:44:54.794963 || Inserting into meal table...
12:44:54.794963 || Inserting into ingredient table...
12:44:54.794963 || Inserting into recipe_equipment table...
12:44:54.796050 || Inserting recipe from url https://thedoctorskitchen.com/recipes/broad-bean-red-onion-and-caper-salad/
12:44:54.796050 || Inserting into recipe table...
12:44:54.796050 || Inserting into meal table...
12:44:54.796050 || Inserting into ingredient table...
12:44:54.796050 || Inserting into recipe_equipment table...
